Unity Editor version:    2021.3.9f1 (ad3870b89536)
Branch:                  2021.3/staging
Build type:              Release
Batch mode:              YES
macOS version:           Version 13.2 (Build 22D49)
Darwin version:          22.3.0
Architecture:            x86_64
Running under Rosetta:   YES
Available memory:        16384 MB
Using pre-set license
Pro License: YES

COMMAND LINE ARGUMENTS:
/Applications/Unity/Hub/Editor/2021.3.9f1/Unity.app/Contents/MacOS/Unity
-adb2
-batchMode
-noUpm
-name
AssetImportWorker3
-projectPath
/Users/namesrkewl/Documents/GitHub/Tic-Tac-Boom/Tic Tac Boom
-logFile
Logs/AssetImportWorker3.log
-srvPort
49787
Successfully changed project path to: /Users/namesrkewl/Documents/GitHub/Tic-Tac-Boom/Tic Tac Boom
/Users/namesrkewl/Documents/GitHub/Tic-Tac-Boom/Tic Tac Boom
[UnityMemory] Configuration Parameters - Can be set up in boot.config
    "memorysetup-bucket-allocator-granularity=16"
    "memorysetup-bucket-allocator-bucket-count=8"
    "memorysetup-bucket-allocator-block-size=33554432"
    "memorysetup-bucket-allocator-block-count=8"
    "memorysetup-main-allocator-block-size=16777216"
    "memorysetup-thread-allocator-block-size=16777216"
    "memorysetup-gfx-main-allocator-block-size=16777216"
    "memorysetup-gfx-thread-allocator-block-size=16777216"
    "memorysetup-cache-allocator-block-size=4194304"
    "memorysetup-typetree-allocator-block-size=2097152"
    "memorysetup-profiler-bucket-allocator-granularity=16"
    "memorysetup-profiler-bucket-allocator-bucket-count=8"
    "memorysetup-profiler-bucket-allocator-block-size=33554432"
    "memorysetup-profiler-bucket-allocator-block-count=8"
    "memorysetup-profiler-allocator-block-size=16777216"
    "memorysetup-profiler-editor-allocator-block-size=1048576"
    "memorysetup-temp-allocator-size-main=16777216"
    "memorysetup-job-temp-allocator-block-size=2097152"
    "memorysetup-job-temp-allocator-block-size-background=1048576"
    "memorysetup-job-temp-allocator-reduction-small-platforms=262144"
    "memorysetup-temp-allocator-size-background-worker=32768"
    "memorysetup-temp-allocator-size-job-worker=262144"
    "memorysetup-temp-allocator-size-preload-manager=33554432"
    "memorysetup-temp-allocator-size-nav-mesh-worker=65536"
    "memorysetup-temp-allocator-size-audio-worker=65536"
    "memorysetup-temp-allocator-size-cloud-worker=32768"
    "memorysetup-temp-allocator-size-gi-baking-worker=262144"
    "memorysetup-temp-allocator-size-gfx=262144"
Refreshing native plugins compatible for Editor in 148.09 ms, found 3 plugins.
Preloading 0 native plugins for Editor in 0.00 ms.
Initialize engine version: 2021.3.9f1 (ad3870b89536)
[Subsystems] Discovering subsystems at path /Applications/Unity/Hub/Editor/2021.3.9f1/Unity.app/Contents/Resources/UnitySubsystems
[Subsystems] Discovering subsystems at path /Users/namesrkewl/Documents/GitHub/Tic-Tac-Boom/Tic Tac Boom/Assets
GfxDevice: creating device client; threaded=0; jobified=0
 preferred device: Apple M1 Pro (high power)
Metal devices available: 1
0: Apple M1 Pro (high power)
Using device Apple M1 Pro (high power)
Initializing Metal device caps: Apple M1 Pro
Initialize mono
Mono path[0] = '/Applications/Unity/Hub/Editor/2021.3.9f1/Unity.app/Contents/Managed'
Mono path[1] = '/Applications/Unity/Hub/Editor/2021.3.9f1/Unity.app/Contents/MonoBleedingEdge/lib/mono/unityjit-macos'
Mono config path = '/Applications/Unity/Hub/Editor/2021.3.9f1/Unity.app/Contents/MonoBleedingEdge/etc'
Using monoOptions --debugger-agent=transport=dt_socket,embedding=1,server=y,suspend=n,address=127.0.0.1:56232
Begin MonoManager ReloadAssembly
Registering precompiled unity dll's ...
Register platform support module: /Applications/Unity/Hub/Editor/2021.3.9f1/Unity.app/Contents/PlaybackEngines/MacStandaloneSupport/UnityEditor.OSXStandalone.Extensions.dll
Registered in 0.002244 seconds.
Native extension for OSXStandalone target not found
Refreshing native plugins compatible for Editor in 137.82 ms, found 3 plugins.
Preloading 0 native plugins for Editor in 0.00 ms.
Mono: successfully reloaded assembly
- Completed reload, in  1.460 seconds
Domain Reload Profiling:
	ReloadAssembly (1462ms)
		BeginReloadAssembly (135ms)
			ExecutionOrderSort (0ms)
			DisableScriptedObjects (0ms)
			BackupInstance (0ms)
			ReleaseScriptingObjects (0ms)
			CreateAndSetChildDomain (3ms)
		EndReloadAssembly (1099ms)
			LoadAssemblies (135ms)
			RebuildTransferFunctionScriptingTraits (0ms)
			SetupTypeCache (111ms)
			ReleaseScriptCaches (0ms)
			RebuildScriptCaches (32ms)
			SetupLoadedEditorAssemblies (812ms)
				LogAssemblyErrors (0ms)
				InitializePlatformSupportModulesInManaged (20ms)
				SetLoadedEditorAssemblies (0ms)
				RefreshPlugins (138ms)
				BeforeProcessingInitializeOnLoad (3ms)
				ProcessInitializeOnLoadAttributes (475ms)
				ProcessInitializeOnLoadMethodAttributes (175ms)
				AfterProcessingInitializeOnLoad (0ms)
				EditorAssembliesLoaded (0ms)
			ExecutionOrderSort2 (0ms)
			AwakeInstancesAfterBackupRestoration (0ms)
Platform modules already initialized, skipping
Registering precompiled user dll's ...
Registered in 0.008876 seconds.
Begin MonoManager ReloadAssembly
Symbol file LoadedFromMemory doesn't match image /Users/namesrkewl/Documents/GitHub/Tic-Tac-Boom/Tic Tac Boom/Library/PackageCache/com.unity.visualscripting@1.7.8/Editor/VisualScripting.Core/Dependencies/YamlDotNet/Unity.VisualScripting.YamlDotNet.dll
Symbol file LoadedFromMemory doesn't match image /Users/namesrkewl/Documents/GitHub/Tic-Tac-Boom/Tic Tac Boom/Library/PackageCache/com.unity.visualscripting@1.7.8/Editor/VisualScripting.Core/Dependencies/DotNetZip/Unity.VisualScripting.IonicZip.dll
Native extension for OSXStandalone target not found
Refreshing native plugins compatible for Editor in 143.48 ms, found 3 plugins.
Preloading 0 native plugins for Editor in 0.00 ms.
Mono: successfully reloaded assembly
Package Manager log level set to [2]
- Completed reload, in  2.921 seconds
Domain Reload Profiling:
	ReloadAssembly (2924ms)
		BeginReloadAssembly (218ms)
			ExecutionOrderSort (0ms)
			DisableScriptedObjects (37ms)
			BackupInstance (0ms)
			ReleaseScriptingObjects (0ms)
			CreateAndSetChildDomain (25ms)
		EndReloadAssembly (2429ms)
			LoadAssemblies (147ms)
			RebuildTransferFunctionScriptingTraits (0ms)
			SetupTypeCache (327ms)
			ReleaseScriptCaches (2ms)
			RebuildScriptCaches (74ms)
			SetupLoadedEditorAssemblies (1658ms)
				LogAssemblyErrors (0ms)
				InitializePlatformSupportModulesInManaged (11ms)
				SetLoadedEditorAssemblies (0ms)
				RefreshPlugins (144ms)
				BeforeProcessingInitializeOnLoad (182ms)
				ProcessInitializeOnLoadAttributes (1008ms)
				ProcessInitializeOnLoadMethodAttributes (311ms)
				AfterProcessingInitializeOnLoad (1ms)
				EditorAssembliesLoaded (0ms)
			ExecutionOrderSort2 (0ms)
			AwakeInstancesAfterBackupRestoration (12ms)
Platform modules already initialized, skipping
========================================================================
Worker process is ready to serve import requests
Launching external process: /Applications/Unity/Hub/Editor/2021.3.9f1/Unity.app/Contents/Tools/UnityShaderCompiler
Launched and connected shader compiler UnityShaderCompiler after 0.09 seconds
Refreshing native plugins compatible for Editor in 1.10 ms, found 3 plugins.
Preloading 0 native plugins for Editor in 0.00 ms.
Unloading 5995 Unused Serialized files (Serialized files now loaded: 0)
Unloading 72 unused Assets / (1.9 MB). Loaded Objects now: 6418.
Memory consumption went from 230.6 MB to 228.7 MB.
Total: 4.613250 ms (FindLiveObjects: 0.341375 ms CreateObjectMapping: 0.179666 ms MarkObjects: 3.432833 ms  DeleteObjects: 0.658459 ms)

AssetImportParameters requested are different than current active one (requested -> active):
  custom:video-decoder-ogg-theora: a1e56fd34408186e4bbccfd4996cb3dc -> 
  custom:container-muxer-webm: aa71ff27fc2769a1b78a27578f13a17b -> 
  custom:container-demuxer-webm: 4f35f7cbe854078d1ac9338744f61a02 -> 
  custom:video-encoder-webm-vp8: eb34c28f22e8b96e1ab97ce403110664 -> 
  custom:framework-osx-AVFoundation: e770b220cccbd017edd2c1fefb359320 -> 
  custom:audio-encoder-webm-vorbis: bf7c407c2cedff20999df2af8eb42d56 -> 
  custom:container-demuxer-ogg: 62fdf1f143b41e24485cea50d1cbac27 -> 
  custom:video-decoder-webm-vp8: 9c59270c3fd7afecdb556c50c9e8de78 -> 
  custom:audio-decoder-ogg-vorbis: bf7c407c2cedff20999df2af8eb42d56 -> 
========================================================================
Received Import Request.
  Time since last request: 25509.179241 seconds.
  path: Assets/Resources/Artwork/skin_sign.png
  artifactKey: Guid(0226b757d33b8204eac6444a4dc2c002) Importer(815301076,1909f56bfc062723c751e8b465ee728b)
Start importing Assets/Resources/Artwork/skin_sign.png using Guid(0226b757d33b8204eac6444a4dc2c002) Importer(815301076,1909f56bfc062723c751e8b465ee728b)  -> (artifact id: '35416c3bd39abce40ea80d71d55e6ed4') in 0.304378 seconds 
========================================================================
Received Import Request.
  Time since last request: 3.348681 seconds.
  path: Assets/Resources/Backgrounds/skin_menu_bg.png
  artifactKey: Guid(e5a5326b98d31e443b48cd59d57f6e2f) Importer(815301076,1909f56bfc062723c751e8b465ee728b)
Start importing Assets/Resources/Backgrounds/skin_menu_bg.png using Guid(e5a5326b98d31e443b48cd59d57f6e2f) Importer(815301076,1909f56bfc062723c751e8b465ee728b)  -> (artifact id: 'f8a5e457a89bfd831de43ca259fab2c2') in 0.131761 seconds 
========================================================================
Received Import Request.
  Time since last request: 0.000081 seconds.
  path: Assets/Resources/Artwork/skin.png
  artifactKey: Guid(4dbf681162a828c479fa01ae0f06cfbf) Importer(815301076,1909f56bfc062723c751e8b465ee728b)
Start importing Assets/Resources/Artwork/skin.png using Guid(4dbf681162a828c479fa01ae0f06cfbf) Importer(815301076,1909f56bfc062723c751e8b465ee728b)  -> (artifact id: '24acc4aaac4202b9f6515b73c09d6a66') in 0.024308 seconds 
========================================================================
Received Import Request.
  Time since last request: 0.000067 seconds.
  path: Assets/Resources/UI/Buttons/skills_menu_cancel_button.png
  artifactKey: Guid(b909fe46a61f87f468dc826143648a90) Importer(815301076,1909f56bfc062723c751e8b465ee728b)
Start importing Assets/Resources/UI/Buttons/skills_menu_cancel_button.png using Guid(b909fe46a61f87f468dc826143648a90) Importer(815301076,1909f56bfc062723c751e8b465ee728b)  -> (artifact id: '961bfeef860914fd54308945aad94abf') in 0.017483 seconds 
========================================================================
Received Import Request.
  Time since last request: 0.000058 seconds.
  path: Assets/Resources/UI/Buttons/skin_bottom_tab.png
  artifactKey: Guid(30c00e015961c5e4897d7c7324957d79) Importer(815301076,1909f56bfc062723c751e8b465ee728b)
Start importing Assets/Resources/UI/Buttons/skin_bottom_tab.png using Guid(30c00e015961c5e4897d7c7324957d79) Importer(815301076,1909f56bfc062723c751e8b465ee728b)  -> (artifact id: '703693c5efa5ad08c150baa3a8db1c14') in 0.019684 seconds 
========================================================================
Received Import Request.
  Time since last request: 0.000082 seconds.
  path: Assets/Resources/UI/Windows/skills_menu_tab.png
  artifactKey: Guid(5bf4b9db8ab36534eac16bb5e68a8711) Importer(815301076,1909f56bfc062723c751e8b465ee728b)
Start importing Assets/Resources/UI/Windows/skills_menu_tab.png using Guid(5bf4b9db8ab36534eac16bb5e68a8711) Importer(815301076,1909f56bfc062723c751e8b465ee728b)  -> (artifact id: '38e735b65fb23d9c94719f0eeb65e48f') in 0.017707 seconds 
========================================================================
Received Import Request.
  Time since last request: 0.000058 seconds.
  path: Assets/Resources/UI/Windows/SHOP_WINDOW_SMALL_BLUE_BANNER.png
  artifactKey: Guid(c85955a5714c9a5479086c32c210c111) Importer(815301076,1909f56bfc062723c751e8b465ee728b)
Start importing Assets/Resources/UI/Windows/SHOP_WINDOW_SMALL_BLUE_BANNER.png using Guid(c85955a5714c9a5479086c32c210c111) Importer(815301076,1909f56bfc062723c751e8b465ee728b)  -> (artifact id: 'a33c685cae6e858f01002a47f7bbefe3') in 0.025821 seconds 
========================================================================
Received Import Request.
  Time since last request: 0.000075 seconds.
  path: Assets/Resources/UI/Buttons/local_button.png
  artifactKey: Guid(fd2b9cca17455bd45959e03a8f843f2a) Importer(815301076,1909f56bfc062723c751e8b465ee728b)
Start importing Assets/Resources/UI/Buttons/local_button.png using Guid(fd2b9cca17455bd45959e03a8f843f2a) Importer(815301076,1909f56bfc062723c751e8b465ee728b)  -> (artifact id: '6e89a774be8e4011374f9c0d85de4024') in 0.030364 seconds 
========================================================================
Received Import Request.
  Time since last request: 0.000092 seconds.
  path: Assets/Resources/Artwork/GOLD COIN 3.png
  artifactKey: Guid(50d3d9b2cfd86c54b9f5b53f6057a60b) Importer(815301076,1909f56bfc062723c751e8b465ee728b)
Start importing Assets/Resources/Artwork/GOLD COIN 3.png using Guid(50d3d9b2cfd86c54b9f5b53f6057a60b) Importer(815301076,1909f56bfc062723c751e8b465ee728b)  -> (artifact id: '8b92071cadd248112419ac32362ceba8') in 0.017294 seconds 
========================================================================
Received Import Request.
  Time since last request: 0.000055 seconds.
  path: Assets/Enemies/knight.png
  artifactKey: Guid(c469f5c12b46e8c4cb7a3f0ccb137400) Importer(815301076,1909f56bfc062723c751e8b465ee728b)
Start importing Assets/Enemies/knight.png using Guid(c469f5c12b46e8c4cb7a3f0ccb137400) Importer(815301076,1909f56bfc062723c751e8b465ee728b)  -> (artifact id: '560335a26d04aafa37b879a9098863ce') in 0.034910 seconds 
========================================================================
Received Import Request.
  Time since last request: 0.000062 seconds.
  path: Assets/Enemies/king_peasant.png
  artifactKey: Guid(9dbfd4fa418ece44dbfe28b8bc48e7fa) Importer(815301076,1909f56bfc062723c751e8b465ee728b)
Start importing Assets/Enemies/king_peasant.png using Guid(9dbfd4fa418ece44dbfe28b8bc48e7fa) Importer(815301076,1909f56bfc062723c751e8b465ee728b)  -> (artifact id: '49e2c603f085aabab0b9fdae3a13194e') in 0.035664 seconds 
========================================================================
Received Import Request.
  Time since last request: 0.000049 seconds.
  path: Assets/Resources/UI/Windows/shop_window_small_purple.png
  artifactKey: Guid(494deae2eba3e2b47ae0038e5ac0841d) Importer(815301076,1909f56bfc062723c751e8b465ee728b)
Start importing Assets/Resources/UI/Windows/shop_window_small_purple.png using Guid(494deae2eba3e2b47ae0038e5ac0841d) Importer(815301076,1909f56bfc062723c751e8b465ee728b)  -> (artifact id: '67843cf77886e22615a2d93f733705f9') in 0.025665 seconds 
========================================================================
Received Import Request.
  Time since last request: 0.000056 seconds.
  path: Assets/Resources/UI/Windows/info menu tail.png
  artifactKey: Guid(7e62784171fa52d4ba593909d42bd8bd) Importer(815301076,1909f56bfc062723c751e8b465ee728b)
Start importing Assets/Resources/UI/Windows/info menu tail.png using Guid(7e62784171fa52d4ba593909d42bd8bd) Importer(815301076,1909f56bfc062723c751e8b465ee728b)  -> (artifact id: '7f282b2f188d9358cd65ec799589570c') in 0.011481 seconds 
========================================================================
Received Import Request.
  Time since last request: 0.000077 seconds.
  path: Assets/Resources/Artwork/shop_gem_icon.png
  artifactKey: Guid(087addf2164d8e64d814f7e75ddb3a1d) Importer(815301076,1909f56bfc062723c751e8b465ee728b)
Start importing Assets/Resources/Artwork/shop_gem_icon.png using Guid(087addf2164d8e64d814f7e75ddb3a1d) Importer(815301076,1909f56bfc062723c751e8b465ee728b)  -> (artifact id: 'd3c3b8d70d056688cb6dc18630cb4dd7') in 0.013977 seconds 
========================================================================
Received Import Request.
  Time since last request: 0.000057 seconds.
  path: Assets/Resources/Artwork/SHOP_SIGN.png
  artifactKey: Guid(95d6fa987d2f07a4c8c3472d07980c3c) Importer(815301076,1909f56bfc062723c751e8b465ee728b)
Start importing Assets/Resources/Artwork/SHOP_SIGN.png using Guid(95d6fa987d2f07a4c8c3472d07980c3c) Importer(815301076,1909f56bfc062723c751e8b465ee728b)  -> (artifact id: '9810b6cb0392568bf3878fe95451e6ea') in 0.041867 seconds 
========================================================================
Received Import Request.
  Time since last request: 0.000052 seconds.
  path: Assets/Resources/Tiles/Alternate/bottom-right.png
  artifactKey: Guid(ce4137057cefddd41b5a7c50156968da) Importer(815301076,1909f56bfc062723c751e8b465ee728b)
Start importing Assets/Resources/Tiles/Alternate/bottom-right.png using Guid(ce4137057cefddd41b5a7c50156968da) Importer(815301076,1909f56bfc062723c751e8b465ee728b)  -> (artifact id: '3384a2f3a4d7323613a380762a2dfa30') in 0.015607 seconds 
========================================================================
Received Import Request.
  Time since last request: 0.000061 seconds.
  path: Assets/Resources/Artwork/skin_player_sprite_icon.png
  artifactKey: Guid(5b0da6eb4e559ce40b627fb9d573c2eb) Importer(815301076,1909f56bfc062723c751e8b465ee728b)
Start importing Assets/Resources/Artwork/skin_player_sprite_icon.png using Guid(5b0da6eb4e559ce40b627fb9d573c2eb) Importer(815301076,1909f56bfc062723c751e8b465ee728b)  -> (artifact id: '7b8da8e775a88c52d29085e373e69baf') in 0.014271 seconds 
========================================================================
Received Import Request.
  Time since last request: 0.000057 seconds.
  path: Assets/Resources/Tiles/Alternate/middle-right.png
  artifactKey: Guid(b761121eb10409a41827691a78ef9b84) Importer(815301076,1909f56bfc062723c751e8b465ee728b)
Start importing Assets/Resources/Tiles/Alternate/middle-right.png using Guid(b761121eb10409a41827691a78ef9b84) Importer(815301076,1909f56bfc062723c751e8b465ee728b)  -> (artifact id: '7abb17446161cb80f08ce5d5b92bcb98') in 0.015412 seconds 
========================================================================
Received Import Request.
  Time since last request: 0.000081 seconds.
  path: Assets/Resources/UI/Windows/skills_menu_frame3.png
  artifactKey: Guid(e42b6cd308d39c440b343798e7ad7fb0) Importer(815301076,1909f56bfc062723c751e8b465ee728b)
Start importing Assets/Resources/UI/Windows/skills_menu_frame3.png using Guid(e42b6cd308d39c440b343798e7ad7fb0) Importer(815301076,1909f56bfc062723c751e8b465ee728b)  -> (artifact id: 'b36bd66c287ac04ad9c50c7b3b6c815a') in 0.064720 seconds 
========================================================================
Received Import Request.
  Time since last request: 0.000060 seconds.
  path: Assets/Resources/UI/Windows/shop_window_small_blue.png
  artifactKey: Guid(200bccc0f23469e4abb5f6e6ea5559e2) Importer(815301076,1909f56bfc062723c751e8b465ee728b)
Start importing Assets/Resources/UI/Windows/shop_window_small_blue.png using Guid(200bccc0f23469e4abb5f6e6ea5559e2) Importer(815301076,1909f56bfc062723c751e8b465ee728b)  -> (artifact id: 'f0d858de3806e0d13670556c7e06f217') in 0.026982 seconds 
========================================================================
Received Import Request.
  Time since last request: 0.000054 seconds.
  path: Assets/Resources/UI/Windows/shop_window_small_green.png
  artifactKey: Guid(4a63aed521ef5e743aec84dfb2a28e85) Importer(815301076,1909f56bfc062723c751e8b465ee728b)
Start importing Assets/Resources/UI/Windows/shop_window_small_green.png using Guid(4a63aed521ef5e743aec84dfb2a28e85) Importer(815301076,1909f56bfc062723c751e8b465ee728b)  -> (artifact id: 'a61765370e61bfd6759b3bdb16926b1f') in 0.025042 seconds 
========================================================================
Received Import Request.
  Time since last request: 0.000083 seconds.
  path: Assets/Resources/Artwork/shop_profile_icon.png
  artifactKey: Guid(65393830c958bd1418e4d14ec85b116b) Importer(815301076,1909f56bfc062723c751e8b465ee728b)
Start importing Assets/Resources/Artwork/shop_profile_icon.png using Guid(65393830c958bd1418e4d14ec85b116b) Importer(815301076,1909f56bfc062723c751e8b465ee728b)  -> (artifact id: '9b9db25e6454b567040cead5f3f56663') in 0.022527 seconds 
========================================================================
Received Import Request.
  Time since last request: 0.000078 seconds.
  path: Assets/Resources/UI/Buttons/skin_button.png
  artifactKey: Guid(588a6e6f8330b594e876233a9d9d97ab) Importer(815301076,1909f56bfc062723c751e8b465ee728b)
Start importing Assets/Resources/UI/Buttons/skin_button.png using Guid(588a6e6f8330b594e876233a9d9d97ab) Importer(815301076,1909f56bfc062723c751e8b465ee728b)  -> (artifact id: '95f72e98c7855e860945be129925b9cc') in 0.022777 seconds 
========================================================================
Received Import Request.
  Time since last request: 0.000067 seconds.
  path: Assets/Resources/Tiles/Basic/bottom-right.png
  artifactKey: Guid(044ad1eedf3c24e4293917ffa15a6972) Importer(815301076,1909f56bfc062723c751e8b465ee728b)
Start importing Assets/Resources/Tiles/Basic/bottom-right.png using Guid(044ad1eedf3c24e4293917ffa15a6972) Importer(815301076,1909f56bfc062723c751e8b465ee728b)  -> (artifact id: '34cdc568cbb1e64016c3700c90d471c5') in 0.014698 seconds 
========================================================================
Received Import Request.
  Time since last request: 0.000073 seconds.
  path: Assets/Resources/UI/Windows/info menu rectangle.png
  artifactKey: Guid(9cef15a0522f4ce4cac75a39161026c2) Importer(815301076,1909f56bfc062723c751e8b465ee728b)
Start importing Assets/Resources/UI/Windows/info menu rectangle.png using Guid(9cef15a0522f4ce4cac75a39161026c2) Importer(815301076,1909f56bfc062723c751e8b465ee728b)  -> (artifact id: '6e54c1bf56dd611fbbccc39ab216005a') in 0.021378 seconds 
========================================================================
Received Import Request.
  Time since last request: 0.000062 seconds.
  path: Assets/Enemies/basilisk.png
  artifactKey: Guid(21a3a237ff5813c4997fcb14afb838db) Importer(815301076,1909f56bfc062723c751e8b465ee728b)
Start importing Assets/Enemies/basilisk.png using Guid(21a3a237ff5813c4997fcb14afb838db) Importer(815301076,1909f56bfc062723c751e8b465ee728b)  -> (artifact id: '8bb82c07f4ab5861077b51bb080a8bb4') in 0.035858 seconds 
========================================================================
Received Import Request.
  Time since last request: 0.000081 seconds.
  path: Assets/Resources/Tiles/Alternate/bottom-left.png
  artifactKey: Guid(281b027d3acb228418db985473fb4380) Importer(815301076,1909f56bfc062723c751e8b465ee728b)
Start importing Assets/Resources/Tiles/Alternate/bottom-left.png using Guid(281b027d3acb228418db985473fb4380) Importer(815301076,1909f56bfc062723c751e8b465ee728b)  -> (artifact id: '828248979e9076673e9d9fc5c9cf7f4c') in 0.014818 seconds 
========================================================================
Received Import Request.
  Time since last request: 0.000059 seconds.
  path: Assets/Resources/Artwork/shop_featured_icon.png
  artifactKey: Guid(697aef98353e8094681ec99332d45ca0) Importer(815301076,1909f56bfc062723c751e8b465ee728b)
Start importing Assets/Resources/Artwork/shop_featured_icon.png using Guid(697aef98353e8094681ec99332d45ca0) Importer(815301076,1909f56bfc062723c751e8b465ee728b)  -> (artifact id: '692d08fe87feb410bd97bfd019d4fa50') in 0.014147 seconds 
========================================================================
Received Import Request.
  Time since last request: 0.000056 seconds.
  path: Assets/Resources/UI/Windows/skills_menu_fram.png
  artifactKey: Guid(0213ca5a407e9e3499c3a8bde60ef084) Importer(815301076,1909f56bfc062723c751e8b465ee728b)
Start importing Assets/Resources/UI/Windows/skills_menu_fram.png using Guid(0213ca5a407e9e3499c3a8bde60ef084) Importer(815301076,1909f56bfc062723c751e8b465ee728b)  -> (artifact id: '956f1f59e89faa4d89e6074ad38d4ace') in 0.117541 seconds 
========================================================================
Received Import Request.
  Time since last request: 111.159170 seconds.
  path: Assets/Prefabs/Enemies/COMMON.prefab
  artifactKey: Guid(abdedf294c7e59c43b5611bacdb6e423) Importer(815301076,1909f56bfc062723c751e8b465ee728b)
Start importing Assets/Prefabs/Enemies/COMMON.prefab using Guid(abdedf294c7e59c43b5611bacdb6e423) Importer(815301076,1909f56bfc062723c751e8b465ee728b)  -> (artifact id: '285e31dd0080fbcd0da95ef14776076a') in 0.153484 seconds 
========================================================================
Received Import Request.
  Time since last request: 0.000081 seconds.
  path: Assets/Prefabs/Enemies/ENGINEER.prefab
  artifactKey: Guid(0cdeac92759aa304bbae44779013d420) Importer(815301076,1909f56bfc062723c751e8b465ee728b)
Start importing Assets/Prefabs/Enemies/ENGINEER.prefab using Guid(0cdeac92759aa304bbae44779013d420) Importer(815301076,1909f56bfc062723c751e8b465ee728b)  -> (artifact id: '27dfc9224a2b6c17a96fc2772da60c58') in 0.012420 seconds 
========================================================================
Received Import Request.
  Time since last request: 0.000060 seconds.
  path: Assets/Prefabs/Enemies/FRAGMENTED.prefab
  artifactKey: Guid(5296ac8bfe8e645408d98e039d706442) Importer(815301076,1909f56bfc062723c751e8b465ee728b)
Start importing Assets/Prefabs/Enemies/FRAGMENTED.prefab using Guid(5296ac8bfe8e645408d98e039d706442) Importer(815301076,1909f56bfc062723c751e8b465ee728b)  -> (artifact id: '6db6fdf2171b380f66c07361149972ca') in 0.008901 seconds 
========================================================================
Received Import Request.
  Time since last request: 0.000053 seconds.
  path: Assets/Prefabs/Enemies/DRAGON.prefab
  artifactKey: Guid(60078840c271d3141bec34d6d6460213) Importer(815301076,1909f56bfc062723c751e8b465ee728b)
Start importing Assets/Prefabs/Enemies/DRAGON.prefab using Guid(60078840c271d3141bec34d6d6460213) Importer(815301076,1909f56bfc062723c751e8b465ee728b)  -> (artifact id: 'b8802368a2e29bd1e5be40a4e9fcec74') in 0.009118 seconds 
========================================================================
Received Import Request.
  Time since last request: 53.611063 seconds.
  path: Assets/Prefabs/Managers/GameManager.prefab
  artifactKey: Guid(7c3e862e16b03664dac756eb97e5a3be) Importer(815301076,1909f56bfc062723c751e8b465ee728b)
Start importing Assets/Prefabs/Managers/GameManager.prefab using Guid(7c3e862e16b03664dac756eb97e5a3be) Importer(815301076,1909f56bfc062723c751e8b465ee728b) 'Talent' is missing the class attribute 'ExtensionOfNativeClass'!
 #0 GetStacktrace(int)
 #1 DebugStringToFile(DebugStringToFileData const&)
 #2 AssertImplementation(int, char const*, int, int, char const*)
 #3 SerializableManagedRef::AssertKlassMeetsRequirements()
 #4 ManagedMonoBehaviourRef::SetScriptCache(MonoScriptCache const*)
 #5 SerializableManagedRef::SetupScriptingCache(Object*, ScriptingClassPtr, MonoScript*)
 #6 SerializableManagedRef::RebuildMonoInstance(Object*, ScriptingClassPtr, ScriptingObjectPtr, MonoScript*)
 #7 PersistentManager::ProduceObject(SerializedFile&, SerializedObjectIdentifier, int, ObjectCreationMode, PersistentManager::LockFlags)
 #8 PersistentManager::CreateThreadActivationQueueEntry(SerializedFile&, SerializedObjectIdentifier, int, bool, PersistentManager::LockFlags)
 #9 PersistentManager::PreallocateObjectThreaded(int, PersistentManager::LockFlags)
 #10 void ImmediatePtr<Unity::Component>::Transfer<StreamedBinaryRead>(StreamedBinaryRead&)
 #11 void StreamedBinaryRead::TransferSTLStyleArray<dynamic_array<GameObject::ComponentPair, 0ul> >(dynamic_array<GameObject::ComponentPair, 0ul>&, TransferMetaFlags)
 #12 void GameObject::Transfer<StreamedBinaryRead>(StreamedBinaryRead&)
 #13 GameObject::VirtualRedirectTransfer(StreamedBinaryRead&)
 #14 SerializedFile::ReadObject(long long, ObjectCreationMode, bool, TypeTree const**, bool*, Object&)
 #15 PersistentManager::ReadAndActivateObjectThreaded(int, SerializedObjectIdentifier const&, SerializedFile*, bool, bool, PersistentManager::LockFlags)
 #16 PersistentManager::ReadObjectThreaded(int, PersistentManager::LockFlags)
 #17 PersistentManager::ReadObject(int, AwakeFromLoadMode)
 #18 PPtr<Object>::operator Object*() const
 #19 PreviewImporter::GenerateAssetData(AssetImportContext&)
 #20 ImportToObjects(core::basic_string<char, core::StringStorageDefault<char> > const&, core::hash_map<AssetDatabase::ImporterID, ImporterInfo, core::hash<AssetDatabase::ImporterID>, std::__1::equal_to<AssetDatabase::ImporterID> > const&, dynamic_array<PostprocessorInfo, 0ul> const&, AssetResolveTracker const&, ImportAssetInputs const&, ImportAssetOutputs&, IImportProgress*)
 #21 ImportAsset(core::hash_map<AssetDatabase::ImporterID, ImporterInfo, core::hash<AssetDatabase::ImporterID>, std::__1::equal_to<AssetDatabase::ImporterID> > const&, dynamic_array<PostprocessorInfo, 0ul> const&, AssetResolveTracker const&, ImportAssetInputs const&, ImportAssetOutputs&, IImportProgress*)
 #22 ImportAssetWithAutoReleasePool(core::hash_map<AssetDatabase::ImporterID, ImporterInfo, core::hash<AssetDatabase::ImporterID>, std::__1::equal_to<AssetDatabase::ImporterID> > const&, dynamic_array<PostprocessorInfo, 0ul> const&, AssetResolveTracker const&, ImportAssetInputs const&, ImportAssetOutputs&, IImportProgress*)
 #23 AssetImportWorker::Import(AssetResolver&, WorkerImportPayload const&, WorkerImportResponse&, IImportProgress*, bool*)
 #24 invocation function for block in AssetImportWorkerClient::HandleMessage(ImportRequestMessage const&)::$_5::operator()() const
 #25 _dispatch_client_callout
 #26 _dispatch_async_and_wait_invoke
 #27 _dispatch_client_callout
 #28 _dispatch_main_queue_drain
 #29 _dispatch_main_queue_callback_4CF
 #30 __CFRUNLOOP_IS_SERVICING_THE_MAIN_DISPATCH_QUEUE__
 #31 __CFRunLoopRun
 #32 CFRunLoopRunSpecific
 #33 RunCurrentEventLoopInMode
 #34 ReceiveNextEventCommon
 #35 _BlockUntilNextEventMatchingListInModeWithFilter
 #36 _DPSNextEvent
 #37 -[NSApplication(NSEvent) _nextEventMatchingEventMask:untilDate:inMode:dequeue:]
 #38 -[NSApplication run]
 #39 NSApplicationMain
 #40 EditorMain(int, char const**)
 #41 main
 #42 ???

GameObject (named 'GameManager') references runtime script in scene file. Fixing!
 #0 GetStacktrace(int)
 #1 DebugStringToFile(DebugStringToFileData const&)
 #2 MonoBehaviour::CheckConsistencyRepairInvalidScriptInScene()
 #3 MonoBehaviour::CheckConsistency()
 #4 AwakeFromLoadQueue::InvokePersistentManagerAwake(AwakeFromLoadQueue::Item*, unsigned int, AwakeFromLoadMode, bool)
 #5 AwakeFromLoadQueue::PersistentManagerAwakeFromLoad(int, AwakeFromLoadMode, bool)
 #6 PersistentManager::IntegrateAllThreadedObjects()
 #7 PersistentManager::LoadAndIntegrateAllPreallocatedObjects(PersistentManager::LockFlags)
 #8 PersistentManager::ReadObject(int, AwakeFromLoadMode)
 #9 PPtr<Object>::operator Object*() const
 #10 PreviewImporter::GenerateAssetData(AssetImportContext&)
 #11 ImportToObjects(core::basic_string<char, core::StringStorageDefault<char> > const&, core::hash_map<AssetDatabase::ImporterID, ImporterInfo, core::hash<AssetDatabase::ImporterID>, std::__1::equal_to<AssetDatabase::ImporterID> > const&, dynamic_array<PostprocessorInfo, 0ul> const&, AssetResolveTracker const&, ImportAssetInputs const&, ImportAssetOutputs&, IImportProgress*)
 #12 ImportAsset(core::hash_map<AssetDatabase::ImporterID, ImporterInfo, core::hash<AssetDatabase::ImporterID>, std::__1::equal_to<AssetDatabase::ImporterID> > const&, dynamic_array<PostprocessorInfo, 0ul> const&, AssetResolveTracker const&, ImportAssetInputs const&, ImportAssetOutputs&, IImportProgress*)
 #13 ImportAssetWithAutoReleasePool(core::hash_map<AssetDatabase::ImporterID, ImporterInfo, core::hash<AssetDatabase::ImporterID>, std::__1::equal_to<AssetDatabase::ImporterID> > const&, dynamic_array<PostprocessorInfo, 0ul> const&, AssetResolveTracker const&, ImportAssetInputs const&, ImportAssetOutputs&, IImportProgress*)
 #14 AssetImportWorker::Import(AssetResolver&, WorkerImportPayload const&, WorkerImportResponse&, IImportProgress*, bool*)
 #15 invocation function for block in AssetImportWorkerClient::HandleMessage(ImportRequestMessage const&)::$_5::operator()() const
 #16 _dispatch_client_callout
 #17 _dispatch_async_and_wait_invoke
 #18 _dispatch_client_callout
 #19 _dispatch_main_queue_drain
 #20 _dispatch_main_queue_callback_4CF
 #21 __CFRUNLOOP_IS_SERVICING_THE_MAIN_DISPATCH_QUEUE__
 #22 __CFRunLoopRun
 #23 CFRunLoopRunSpecific
 #24 RunCurrentEventLoopInMode
 #25 ReceiveNextEventCommon
 #26 _BlockUntilNextEventMatchingListInModeWithFilter
 #27 _DPSNextEvent
 #28 -[NSApplication(NSEvent) _nextEventMatchingEventMask:untilDate:inMode:dequeue:]
 #29 -[NSApplication run]
 #30 NSApplicationMain
 #31 EditorMain(int, char const**)
 #32 main
 #33 ???

'Talent' is missing the class attribute 'ExtensionOfNativeClass'!
 #0 GetStacktrace(int)
 #1 DebugStringToFile(DebugStringToFileData const&)
 #2 AssertImplementation(int, char const*, int, int, char const*)
 #3 SerializableManagedRef::AssertKlassMeetsRequirements()
 #4 ManagedMonoBehaviourRef::SetScriptCache(MonoScriptCache const*)
 #5 SerializableManagedRef::SetupScriptingCache(Object*, ScriptingClassPtr, MonoScript*)
 #6 SerializableManagedRef::RebuildMonoInstance(Object*, ScriptingClassPtr, ScriptingObjectPtr, MonoScript*)
 #7 MonoBehaviour::CheckConsistencyRepairInvalidScriptInScene()
 #8 MonoBehaviour::CheckConsistency()
 #9 AwakeFromLoadQueue::InvokePersistentManagerAwake(AwakeFromLoadQueue::Item*, unsigned int, AwakeFromLoadMode, bool)
 #10 AwakeFromLoadQueue::PersistentManagerAwakeFromLoad(int, AwakeFromLoadMode, bool)
 #11 PersistentManager::IntegrateAllThreadedObjects()
 #12 PersistentManager::LoadAndIntegrateAllPreallocatedObjects(PersistentManager::LockFlags)
 #13 PersistentManager::ReadObject(int, AwakeFromLoadMode)
 #14 PPtr<Object>::operator Object*() const
 #15 PreviewImporter::GenerateAssetData(AssetImportContext&)
 #16 ImportToObjects(core::basic_string<char, core::StringStorageDefault<char> > const&, core::hash_map<AssetDatabase::ImporterID, ImporterInfo, core::hash<AssetDatabase::ImporterID>, std::__1::equal_to<AssetDatabase::ImporterID> > const&, dynamic_array<PostprocessorInfo, 0ul> const&, AssetResolveTracker const&, ImportAssetInputs const&, ImportAssetOutputs&, IImportProgress*)
 #17 ImportAsset(core::hash_map<AssetDatabase::ImporterID, ImporterInfo, core::hash<AssetDatabase::ImporterID>, std::__1::equal_to<AssetDatabase::ImporterID> > const&, dynamic_array<PostprocessorInfo, 0ul> const&, AssetResolveTracker const&, ImportAssetInputs const&, ImportAssetOutputs&, IImportProgress*)
 #18 ImportAssetWithAutoReleasePool(core::hash_map<AssetDatabase::ImporterID, ImporterInfo, core::hash<AssetDatabase::ImporterID>, std::__1::equal_to<AssetDatabase::ImporterID> > const&, dynamic_array<PostprocessorInfo, 0ul> const&, AssetResolveTracker const&, ImportAssetInputs const&, ImportAssetOutputs&, IImportProgress*)
 #19 AssetImportWorker::Import(AssetResolver&, WorkerImportPayload const&, WorkerImportResponse&, IImportProgress*, bool*)
 #20 invocation function for block in AssetImportWorkerClient::HandleMessage(ImportRequestMessage const&)::$_5::operator()() const
 #21 _dispatch_client_callout
 #22 _dispatch_async_and_wait_invoke
 #23 _dispatch_client_callout
 #24 _dispatch_main_queue_drain
 #25 _dispatch_main_queue_callback_4CF
 #26 __CFRUNLOOP_IS_SERVICING_THE_MAIN_DISPATCH_QUEUE__
 #27 __CFRunLoopRun
 #28 CFRunLoopRunSpecific
 #29 RunCurrentEventLoopInMode
 #30 ReceiveNextEventCommon
 #31 _BlockUntilNextEventMatchingListInModeWithFilter
 #32 _DPSNextEvent
 #33 -[NSApplication(NSEvent) _nextEventMatchingEventMask:untilDate:inMode:dequeue:]
 #34 -[NSApplication run]
 #35 NSApplicationMain
 #36 EditorMain(int, char const**)
 #37 main
 #38 ???

 -> (artifact id: '28f1a7f46e0ac19884e0dc7bdc402e7f') in 0.039836 seconds 
