Using pre-set license
Built from '2021.3/staging' branch; Version is '2021.3.9f1 (ad3870b89536) revision 11352176'; Using compiler version '192829333'; Build Type 'Release'
OS: 'Windows 10  (10.0.19044) 64bit Professional' Language: 'en' Physical Memory: 16262 MB
BatchMode: 1, IsHumanControllingUs: 0, StartBugReporterOnCrash: 0, Is64bit: 1, IsPro: 1

COMMAND LINE ARGUMENTS:
E:\Unity Hub\2021.3.9f1\Editor\Unity.exe
-adb2
-batchMode
-noUpm
-name
AssetImportWorker1
-projectPath
C:/Users/Skr3m/Documents/GitHub/Tic-Tac-Boom/Tic Tac Boom
-logFile
Logs/AssetImportWorker1.log
-srvPort
53569
Successfully changed project path to: C:/Users/Skr3m/Documents/GitHub/Tic-Tac-Boom/Tic Tac Boom
C:/Users/Skr3m/Documents/GitHub/Tic-Tac-Boom/Tic Tac Boom
[UnityMemory] Configuration Parameters - Can be set up in boot.config
    "memorysetup-bucket-allocator-granularity=16"
    "memorysetup-bucket-allocator-bucket-count=8"
    "memorysetup-bucket-allocator-block-size=33554432"
    "memorysetup-bucket-allocator-block-count=8"
    "memorysetup-main-allocator-block-size=16777216"
    "memorysetup-thread-allocator-block-size=16777216"
    "memorysetup-gfx-main-allocator-block-size=16777216"
    "memorysetup-gfx-thread-allocator-block-size=16777216"
    "memorysetup-cache-allocator-block-size=4194304"
    "memorysetup-typetree-allocator-block-size=2097152"
    "memorysetup-profiler-bucket-allocator-granularity=16"
    "memorysetup-profiler-bucket-allocator-bucket-count=8"
    "memorysetup-profiler-bucket-allocator-block-size=33554432"
    "memorysetup-profiler-bucket-allocator-block-count=8"
    "memorysetup-profiler-allocator-block-size=16777216"
    "memorysetup-profiler-editor-allocator-block-size=1048576"
    "memorysetup-temp-allocator-size-main=16777216"
    "memorysetup-job-temp-allocator-block-size=2097152"
    "memorysetup-job-temp-allocator-block-size-background=1048576"
    "memorysetup-job-temp-allocator-reduction-small-platforms=262144"
    "memorysetup-temp-allocator-size-background-worker=32768"
    "memorysetup-temp-allocator-size-job-worker=262144"
    "memorysetup-temp-allocator-size-preload-manager=33554432"
    "memorysetup-temp-allocator-size-nav-mesh-worker=65536"
    "memorysetup-temp-allocator-size-audio-worker=65536"
    "memorysetup-temp-allocator-size-cloud-worker=32768"
    "memorysetup-temp-allocator-size-gi-baking-worker=262144"
    "memorysetup-temp-allocator-size-gfx=262144"
Refreshing native plugins compatible for Editor in 130.19 ms, found 4 plugins.
Preloading 0 native plugins for Editor in 0.00 ms.
Initialize engine version: 2021.3.9f1 (ad3870b89536)
[Subsystems] Discovering subsystems at path E:/Unity Hub/2021.3.9f1/Editor/Data/Resources/UnitySubsystems
[Subsystems] Discovering subsystems at path C:/Users/Skr3m/Documents/GitHub/Tic-Tac-Boom/Tic Tac Boom/Assets
GfxDevice: creating device client; threaded=0; jobified=0
Direct3D:
    Version:  Direct3D 11.0 [level 11.1]
    Renderer: NVIDIA GeForce RTX 2060 (ID=0x1f08)
    Vendor:   NVIDIA
    VRAM:     5968 MB
    Driver:   31.0.15.2686
Initialize mono
Mono path[0] = 'E:/Unity Hub/2021.3.9f1/Editor/Data/Managed'
Mono path[1] = 'E:/Unity Hub/2021.3.9f1/Editor/Data/MonoBleedingEdge/lib/mono/unityjit-win32'
Mono config path = 'E:/Unity Hub/2021.3.9f1/Editor/Data/MonoBleedingEdge/etc'
Using monoOptions --debugger-agent=transport=dt_socket,embedding=1,server=y,suspend=n,address=127.0.0.1:56832
Begin MonoManager ReloadAssembly
Registering precompiled unity dll's ...
Register platform support module: E:/Unity Hub/2021.3.9f1/Editor/Data/PlaybackEngines/WindowsStandaloneSupport/UnityEditor.WindowsStandalone.Extensions.dll
Registered in 0.004294 seconds.
Native extension for WindowsStandalone target not found
Refreshing native plugins compatible for Editor in 134.85 ms, found 4 plugins.
Preloading 0 native plugins for Editor in 0.00 ms.
Mono: successfully reloaded assembly
- Completed reload, in  0.898 seconds
Domain Reload Profiling:
	ReloadAssembly (898ms)
		BeginReloadAssembly (87ms)
			ExecutionOrderSort (0ms)
			DisableScriptedObjects (0ms)
			BackupInstance (0ms)
			ReleaseScriptingObjects (0ms)
			CreateAndSetChildDomain (1ms)
		EndReloadAssembly (685ms)
			LoadAssemblies (85ms)
			RebuildTransferFunctionScriptingTraits (0ms)
			SetupTypeCache (162ms)
			ReleaseScriptCaches (0ms)
			RebuildScriptCaches (36ms)
			SetupLoadedEditorAssemblies (414ms)
				LogAssemblyErrors (0ms)
				InitializePlatformSupportModulesInManaged (8ms)
				SetLoadedEditorAssemblies (0ms)
				RefreshPlugins (135ms)
				BeforeProcessingInitializeOnLoad (2ms)
				ProcessInitializeOnLoadAttributes (209ms)
				ProcessInitializeOnLoadMethodAttributes (60ms)
				AfterProcessingInitializeOnLoad (0ms)
				EditorAssembliesLoaded (0ms)
			ExecutionOrderSort2 (0ms)
			AwakeInstancesAfterBackupRestoration (0ms)
Platform modules already initialized, skipping
Registering precompiled user dll's ...
Registered in 0.017229 seconds.
Begin MonoManager ReloadAssembly
Symbol file LoadedFromMemory doesn't match image C:\Users\Skr3m\Documents\GitHub\Tic-Tac-Boom\Tic Tac Boom\Library\PackageCache\com.unity.visualscripting@1.7.8\Editor\VisualScripting.Core\Dependencies\YamlDotNet\Unity.VisualScripting.YamlDotNet.dll
Symbol file LoadedFromMemory doesn't match image C:\Users\Skr3m\Documents\GitHub\Tic-Tac-Boom\Tic Tac Boom\Library\PackageCache\com.unity.visualscripting@1.7.8\Editor\VisualScripting.Core\Dependencies\DotNetZip\Unity.VisualScripting.IonicZip.dll
Native extension for WindowsStandalone target not found
Refreshing native plugins compatible for Editor in 115.53 ms, found 4 plugins.
Preloading 0 native plugins for Editor in 0.00 ms.
Mono: successfully reloaded assembly
Package Manager log level set to [2]
- Completed reload, in  1.633 seconds
Domain Reload Profiling:
	ReloadAssembly (1634ms)
		BeginReloadAssembly (149ms)
			ExecutionOrderSort (0ms)
			DisableScriptedObjects (7ms)
			BackupInstance (0ms)
			ReleaseScriptingObjects (0ms)
			CreateAndSetChildDomain (30ms)
		EndReloadAssembly (1340ms)
			LoadAssemblies (141ms)
			RebuildTransferFunctionScriptingTraits (0ms)
			SetupTypeCache (369ms)
			ReleaseScriptCaches (1ms)
			RebuildScriptCaches (80ms)
			SetupLoadedEditorAssemblies (663ms)
				LogAssemblyErrors (0ms)
				InitializePlatformSupportModulesInManaged (4ms)
				SetLoadedEditorAssemblies (0ms)
				RefreshPlugins (116ms)
				BeforeProcessingInitializeOnLoad (141ms)
				ProcessInitializeOnLoadAttributes (333ms)
				ProcessInitializeOnLoadMethodAttributes (63ms)
				AfterProcessingInitializeOnLoad (5ms)
				EditorAssembliesLoaded (0ms)
			ExecutionOrderSort2 (0ms)
			AwakeInstancesAfterBackupRestoration (10ms)
Platform modules already initialized, skipping
========================================================================
Worker process is ready to serve import requests
Launched and connected shader compiler UnityShaderCompiler.exe after 0.09 seconds
Refreshing native plugins compatible for Editor in 1.38 ms, found 4 plugins.
Preloading 0 native plugins for Editor in 0.00 ms.
Unloading 4355 Unused Serialized files (Serialized files now loaded: 0)
Unloading 54 unused Assets / (55.5 KB). Loaded Objects now: 4796.
Memory consumption went from 160.8 MB to 160.8 MB.
Total: 6.142700 ms (FindLiveObjects: 0.492900 ms CreateObjectMapping: 0.531000 ms MarkObjects: 4.989600 ms  DeleteObjects: 0.127700 ms)

AssetImportParameters requested are different than current active one (requested -> active):
  custom:video-decoder-ogg-theora: a1e56fd34408186e4bbccfd4996cb3dc -> 
  custom:container-muxer-webm: aa71ff27fc2769a1b78a27578f13a17b -> 
  custom:container-demuxer-webm: 4f35f7cbe854078d1ac9338744f61a02 -> 
  custom:video-encoder-webm-vp8: eb34c28f22e8b96e1ab97ce403110664 -> 
  custom:audio-encoder-webm-vorbis: bf7c407c2cedff20999df2af8eb42d56 -> 
  custom:framework-win-MediaFoundation: 216162199b28c13a410421893ffa2e32 -> 
  custom:container-demuxer-ogg: 62fdf1f143b41e24485cea50d1cbac27 -> 
  custom:video-decoder-webm-vp8: 9c59270c3fd7afecdb556c50c9e8de78 -> 
  custom:audio-decoder-ogg-vorbis: bf7c407c2cedff20999df2af8eb42d56 -> 
========================================================================
Received Import Request.
  Time since last request: 1803425.529190 seconds.
  path: Assets/Scripts/Animation/ScaleTween.cs
  artifactKey: Guid(74a8dd9ee00589248a77bb6623401e97) Importer(815301076,1909f56bfc062723c751e8b465ee728b)
Start importing Assets/Scripts/Animation/ScaleTween.cs using Guid(74a8dd9ee00589248a77bb6623401e97) Importer(815301076,1909f56bfc062723c751e8b465ee728b)  -> (artifact id: '78dd7c79eaaf001ce7874c39dede3e57') in 0.041773 seconds 
========================================================================
Received Prepare
Registering precompiled user dll's ...
Registered in 0.014397 seconds.
Begin MonoManager ReloadAssembly
Symbol file LoadedFromMemory doesn't match image C:\Users\Skr3m\Documents\GitHub\Tic-Tac-Boom\Tic Tac Boom\Library\PackageCache\com.unity.visualscripting@1.7.8\Editor\VisualScripting.Core\Dependencies\YamlDotNet\Unity.VisualScripting.YamlDotNet.dll
Symbol file LoadedFromMemory doesn't match image C:\Users\Skr3m\Documents\GitHub\Tic-Tac-Boom\Tic Tac Boom\Library\PackageCache\com.unity.visualscripting@1.7.8\Editor\VisualScripting.Core\Dependencies\DotNetZip\Unity.VisualScripting.IonicZip.dll
Native extension for WindowsStandalone target not found
Refreshing native plugins compatible for Editor in 1.57 ms, found 4 plugins.
Preloading 0 native plugins for Editor in 0.00 ms.
Mono: successfully reloaded assembly
- Completed reload, in  1.375 seconds
Domain Reload Profiling:
	ReloadAssembly (1376ms)
		BeginReloadAssembly (174ms)
			ExecutionOrderSort (0ms)
			DisableScriptedObjects (11ms)
			BackupInstance (0ms)
			ReleaseScriptingObjects (0ms)
			CreateAndSetChildDomain (49ms)
		EndReloadAssembly (1085ms)
			LoadAssemblies (136ms)
			RebuildTransferFunctionScriptingTraits (0ms)
			SetupTypeCache (318ms)
			ReleaseScriptCaches (2ms)
			RebuildScriptCaches (73ms)
			SetupLoadedEditorAssemblies (481ms)
				LogAssemblyErrors (0ms)
				InitializePlatformSupportModulesInManaged (15ms)
				SetLoadedEditorAssemblies (1ms)
				RefreshPlugins (2ms)
				BeforeProcessingInitializeOnLoad (120ms)
				ProcessInitializeOnLoadAttributes (283ms)
				ProcessInitializeOnLoadMethodAttributes (54ms)
				AfterProcessingInitializeOnLoad (5ms)
				EditorAssembliesLoaded (0ms)
			ExecutionOrderSort2 (0ms)
			AwakeInstancesAfterBackupRestoration (13ms)
Platform modules already initialized, skipping
Refreshing native plugins compatible for Editor in 6.77 ms, found 4 plugins.
Preloading 0 native plugins for Editor in 0.00 ms.
Unloading 4343 Unused Serialized files (Serialized files now loaded: 0)
Unloading 41 unused Assets / (24.7 KB). Loaded Objects now: 4799.
Memory consumption went from 160.1 MB to 160.0 MB.
Total: 4.861800 ms (FindLiveObjects: 0.371500 ms CreateObjectMapping: 0.110100 ms MarkObjects: 4.330600 ms  DeleteObjects: 0.048100 ms)

AssetImportParameters requested are different than current active one (requested -> active):
  custom:video-decoder-ogg-theora: a1e56fd34408186e4bbccfd4996cb3dc -> 
  custom:container-muxer-webm: aa71ff27fc2769a1b78a27578f13a17b -> 
  custom:container-demuxer-webm: 4f35f7cbe854078d1ac9338744f61a02 -> 
  custom:video-encoder-webm-vp8: eb34c28f22e8b96e1ab97ce403110664 -> 
  custom:audio-encoder-webm-vorbis: bf7c407c2cedff20999df2af8eb42d56 -> 
  custom:framework-win-MediaFoundation: 216162199b28c13a410421893ffa2e32 -> 
  custom:container-demuxer-ogg: 62fdf1f143b41e24485cea50d1cbac27 -> 
  custom:video-decoder-webm-vp8: 9c59270c3fd7afecdb556c50c9e8de78 -> 
  custom:audio-decoder-ogg-vorbis: bf7c407c2cedff20999df2af8eb42d56 -> 
========================================================================
Received Import Request.
  Time since last request: 155.813086 seconds.
  path: Assets/Artwork/cancel_button.png
  artifactKey: Guid(878b3ae4ccdb6db4688d5c5fea5e1eb0) Importer(815301076,1909f56bfc062723c751e8b465ee728b)
Start importing Assets/Artwork/cancel_button.png using Guid(878b3ae4ccdb6db4688d5c5fea5e1eb0) Importer(815301076,1909f56bfc062723c751e8b465ee728b)  -> (artifact id: '2a752e4dc77985e58a5fec2ff39ee0b2') in 0.224769 seconds 
========================================================================
Received Import Request.
  Time since last request: 0.000055 seconds.
  path: Assets/Artwork/chest.png
  artifactKey: Guid(21d1b736a78cd9247b1a43284a36a013) Importer(815301076,1909f56bfc062723c751e8b465ee728b)
Start importing Assets/Artwork/chest.png using Guid(21d1b736a78cd9247b1a43284a36a013) Importer(815301076,1909f56bfc062723c751e8b465ee728b)  -> (artifact id: '778a9125638136d456454ddde9324734') in 0.036936 seconds 
========================================================================
Received Import Request.
  Time since last request: 30.296975 seconds.
  path: Assets/Artwork/shop_booster_icon.png
  artifactKey: Guid(19f69f61d059235488e06f6fc5af477a) Importer(815301076,1909f56bfc062723c751e8b465ee728b)
Start importing Assets/Artwork/shop_booster_icon.png using Guid(19f69f61d059235488e06f6fc5af477a) Importer(815301076,1909f56bfc062723c751e8b465ee728b)  -> (artifact id: 'e33e3105897c590140e33482cbaa2525') in 0.021647 seconds 
========================================================================
Received Import Request.
  Time since last request: 9.222019 seconds.
  path: Assets/Artwork/SHOP_TEXT.png
  artifactKey: Guid(1b6629e8e70c24e41bdecf709440795e) Importer(815301076,1909f56bfc062723c751e8b465ee728b)
Start importing Assets/Artwork/SHOP_TEXT.png using Guid(1b6629e8e70c24e41bdecf709440795e) Importer(815301076,1909f56bfc062723c751e8b465ee728b)  -> (artifact id: 'e181d039508e350d41cae2ee0cea9cf1') in 0.029236 seconds 
========================================================================
Received Import Request.
  Time since last request: 0.258071 seconds.
  path: Assets/Artwork/shop_window_big_green.png
  artifactKey: Guid(1d9c685b61be90f48b57886a8792b3af) Importer(815301076,1909f56bfc062723c751e8b465ee728b)
Start importing Assets/Artwork/shop_window_big_green.png using Guid(1d9c685b61be90f48b57886a8792b3af) Importer(815301076,1909f56bfc062723c751e8b465ee728b)  -> (artifact id: '5255f46454ce590a7a2d1f38ea3a9adc') in 0.053070 seconds 
========================================================================
Received Import Request.
  Time since last request: 12.544031 seconds.
  path: Assets/Backgrounds/wood_backround.png
  artifactKey: Guid(4b1a7064920eead419b93cfa1e68c4fc) Importer(815301076,1909f56bfc062723c751e8b465ee728b)
Start importing Assets/Backgrounds/wood_backround.png using Guid(4b1a7064920eead419b93cfa1e68c4fc) Importer(815301076,1909f56bfc062723c751e8b465ee728b)  -> (artifact id: 'e8e9aebce162a4d749f2e049856b1519') in 0.153329 seconds 
========================================================================
Received Import Request.
  Time since last request: 0.822568 seconds.
  path: Assets/Backgrounds/fog.png
  artifactKey: Guid(d3a48a70733442941b8bbb96ecaf6bc2) Importer(815301076,1909f56bfc062723c751e8b465ee728b)
Start importing Assets/Backgrounds/fog.png using Guid(d3a48a70733442941b8bbb96ecaf6bc2) Importer(815301076,1909f56bfc062723c751e8b465ee728b)  -> (artifact id: 'e4a4789b919e2c275c4e6bf8acfbe37b') in 0.109416 seconds 
========================================================================
Received Import Request.
  Time since last request: 1106.113052 seconds.
  path: Assets/Buttons/battle_button.png
  artifactKey: Guid(8f37f9f4507be0740bedc2626874958a) Importer(815301076,1909f56bfc062723c751e8b465ee728b)
Start importing Assets/Buttons/battle_button.png using Guid(8f37f9f4507be0740bedc2626874958a) Importer(815301076,1909f56bfc062723c751e8b465ee728b)  -> (artifact id: '7e0e3d88b8eaa352f537a5acfd45de1a') in 0.223636 seconds 
========================================================================
Received Import Request.
  Time since last request: 0.000058 seconds.
  path: Assets/Buttons/credit_button.png
  artifactKey: Guid(6b178063860cc1a4cbe4a10c0a79114f) Importer(815301076,1909f56bfc062723c751e8b465ee728b)
Start importing Assets/Buttons/credit_button.png using Guid(6b178063860cc1a4cbe4a10c0a79114f) Importer(815301076,1909f56bfc062723c751e8b465ee728b)  -> (artifact id: '2245f00039fdb6689849fc2d2834c20e') in 0.080728 seconds 
Editor requested this worker to shutdown with reason: Scaling down because of idle timeout
AssetImportWorker is now disconnected from the server
Process exiting
Exiting without the bug reporter. Application will terminate with return code 0