Unity Editor version:    2021.3.9f1 (ad3870b89536)
Branch:                  2021.3/staging
Build type:              Release
Batch mode:              YES
macOS version:           Version 13.2 (Build 22D49)
Darwin version:          22.3.0
Architecture:            x86_64
Running under Rosetta:   YES
Available memory:        16384 MB
Using pre-set license
Pro License: YES

COMMAND LINE ARGUMENTS:
/Applications/Unity/Hub/Editor/2021.3.9f1/Unity.app/Contents/MacOS/Unity
-adb2
-batchMode
-noUpm
-name
AssetImportWorker2
-projectPath
/Users/namesrkewl/Documents/GitHub/Tic-Tac-Boom/Tic Tac Boom
-logFile
Logs/AssetImportWorker2.log
-srvPort
49787
Successfully changed project path to: /Users/namesrkewl/Documents/GitHub/Tic-Tac-Boom/Tic Tac Boom
/Users/namesrkewl/Documents/GitHub/Tic-Tac-Boom/Tic Tac Boom
[UnityMemory] Configuration Parameters - Can be set up in boot.config
    "memorysetup-bucket-allocator-granularity=16"
    "memorysetup-bucket-allocator-bucket-count=8"
    "memorysetup-bucket-allocator-block-size=33554432"
    "memorysetup-bucket-allocator-block-count=8"
    "memorysetup-main-allocator-block-size=16777216"
    "memorysetup-thread-allocator-block-size=16777216"
    "memorysetup-gfx-main-allocator-block-size=16777216"
    "memorysetup-gfx-thread-allocator-block-size=16777216"
    "memorysetup-cache-allocator-block-size=4194304"
    "memorysetup-typetree-allocator-block-size=2097152"
    "memorysetup-profiler-bucket-allocator-granularity=16"
    "memorysetup-profiler-bucket-allocator-bucket-count=8"
    "memorysetup-profiler-bucket-allocator-block-size=33554432"
    "memorysetup-profiler-bucket-allocator-block-count=8"
    "memorysetup-profiler-allocator-block-size=16777216"
    "memorysetup-profiler-editor-allocator-block-size=1048576"
    "memorysetup-temp-allocator-size-main=16777216"
    "memorysetup-job-temp-allocator-block-size=2097152"
    "memorysetup-job-temp-allocator-block-size-background=1048576"
    "memorysetup-job-temp-allocator-reduction-small-platforms=262144"
    "memorysetup-temp-allocator-size-background-worker=32768"
    "memorysetup-temp-allocator-size-job-worker=262144"
    "memorysetup-temp-allocator-size-preload-manager=33554432"
    "memorysetup-temp-allocator-size-nav-mesh-worker=65536"
    "memorysetup-temp-allocator-size-audio-worker=65536"
    "memorysetup-temp-allocator-size-cloud-worker=32768"
    "memorysetup-temp-allocator-size-gi-baking-worker=262144"
    "memorysetup-temp-allocator-size-gfx=262144"
Refreshing native plugins compatible for Editor in 145.94 ms, found 3 plugins.
Preloading 0 native plugins for Editor in 0.00 ms.
Initialize engine version: 2021.3.9f1 (ad3870b89536)
[Subsystems] Discovering subsystems at path /Applications/Unity/Hub/Editor/2021.3.9f1/Unity.app/Contents/Resources/UnitySubsystems
[Subsystems] Discovering subsystems at path /Users/namesrkewl/Documents/GitHub/Tic-Tac-Boom/Tic Tac Boom/Assets
GfxDevice: creating device client; threaded=0; jobified=0
 preferred device: Apple M1 Pro (high power)
Metal devices available: 1
0: Apple M1 Pro (high power)
Using device Apple M1 Pro (high power)
Initializing Metal device caps: Apple M1 Pro
Initialize mono
Mono path[0] = '/Applications/Unity/Hub/Editor/2021.3.9f1/Unity.app/Contents/Managed'
Mono path[1] = '/Applications/Unity/Hub/Editor/2021.3.9f1/Unity.app/Contents/MonoBleedingEdge/lib/mono/unityjit-macos'
Mono config path = '/Applications/Unity/Hub/Editor/2021.3.9f1/Unity.app/Contents/MonoBleedingEdge/etc'
Using monoOptions --debugger-agent=transport=dt_socket,embedding=1,server=y,suspend=n,address=127.0.0.1:56171
Begin MonoManager ReloadAssembly
Registering precompiled unity dll's ...
Register platform support module: /Applications/Unity/Hub/Editor/2021.3.9f1/Unity.app/Contents/PlaybackEngines/MacStandaloneSupport/UnityEditor.OSXStandalone.Extensions.dll
Registered in 0.002300 seconds.
Native extension for OSXStandalone target not found
Refreshing native plugins compatible for Editor in 140.37 ms, found 3 plugins.
Preloading 0 native plugins for Editor in 0.00 ms.
Mono: successfully reloaded assembly
- Completed reload, in  1.446 seconds
Domain Reload Profiling:
	ReloadAssembly (1448ms)
		BeginReloadAssembly (106ms)
			ExecutionOrderSort (0ms)
			DisableScriptedObjects (0ms)
			BackupInstance (0ms)
			ReleaseScriptingObjects (0ms)
			CreateAndSetChildDomain (2ms)
		EndReloadAssembly (1123ms)
			LoadAssemblies (104ms)
			RebuildTransferFunctionScriptingTraits (0ms)
			SetupTypeCache (126ms)
			ReleaseScriptCaches (0ms)
			RebuildScriptCaches (36ms)
			SetupLoadedEditorAssemblies (802ms)
				LogAssemblyErrors (0ms)
				InitializePlatformSupportModulesInManaged (21ms)
				SetLoadedEditorAssemblies (1ms)
				RefreshPlugins (140ms)
				BeforeProcessingInitializeOnLoad (3ms)
				ProcessInitializeOnLoadAttributes (466ms)
				ProcessInitializeOnLoadMethodAttributes (170ms)
				AfterProcessingInitializeOnLoad (0ms)
				EditorAssembliesLoaded (0ms)
			ExecutionOrderSort2 (0ms)
			AwakeInstancesAfterBackupRestoration (0ms)
Platform modules already initialized, skipping
Registering precompiled user dll's ...
Registered in 0.007633 seconds.
Begin MonoManager ReloadAssembly
Symbol file LoadedFromMemory doesn't match image /Users/namesrkewl/Documents/GitHub/Tic-Tac-Boom/Tic Tac Boom/Library/PackageCache/com.unity.visualscripting@1.7.8/Editor/VisualScripting.Core/Dependencies/YamlDotNet/Unity.VisualScripting.YamlDotNet.dll
Symbol file LoadedFromMemory doesn't match image /Users/namesrkewl/Documents/GitHub/Tic-Tac-Boom/Tic Tac Boom/Library/PackageCache/com.unity.visualscripting@1.7.8/Editor/VisualScripting.Core/Dependencies/DotNetZip/Unity.VisualScripting.IonicZip.dll
Native extension for OSXStandalone target not found
Refreshing native plugins compatible for Editor in 155.62 ms, found 3 plugins.
Preloading 0 native plugins for Editor in 0.00 ms.
Mono: successfully reloaded assembly
Package Manager log level set to [2]
- Completed reload, in  2.902 seconds
Domain Reload Profiling:
	ReloadAssembly (2904ms)
		BeginReloadAssembly (217ms)
			ExecutionOrderSort (0ms)
			DisableScriptedObjects (36ms)
			BackupInstance (0ms)
			ReleaseScriptingObjects (0ms)
			CreateAndSetChildDomain (26ms)
		EndReloadAssembly (2414ms)
			LoadAssemblies (136ms)
			RebuildTransferFunctionScriptingTraits (0ms)
			SetupTypeCache (349ms)
			ReleaseScriptCaches (2ms)
			RebuildScriptCaches (75ms)
			SetupLoadedEditorAssemblies (1622ms)
				LogAssemblyErrors (0ms)
				InitializePlatformSupportModulesInManaged (12ms)
				SetLoadedEditorAssemblies (1ms)
				RefreshPlugins (156ms)
				BeforeProcessingInitializeOnLoad (189ms)
				ProcessInitializeOnLoadAttributes (957ms)
				ProcessInitializeOnLoadMethodAttributes (306ms)
				AfterProcessingInitializeOnLoad (1ms)
				EditorAssembliesLoaded (0ms)
			ExecutionOrderSort2 (0ms)
			AwakeInstancesAfterBackupRestoration (12ms)
Platform modules already initialized, skipping
========================================================================
Worker process is ready to serve import requests
Launching external process: /Applications/Unity/Hub/Editor/2021.3.9f1/Unity.app/Contents/Tools/UnityShaderCompiler
Launched and connected shader compiler UnityShaderCompiler after 0.09 seconds
Refreshing native plugins compatible for Editor in 1.12 ms, found 3 plugins.
Preloading 0 native plugins for Editor in 0.00 ms.
Unloading 5993 Unused Serialized files (Serialized files now loaded: 0)
Unloading 72 unused Assets / (1.9 MB). Loaded Objects now: 6416.
Memory consumption went from 230.5 MB to 228.6 MB.
Total: 4.606834 ms (FindLiveObjects: 0.334709 ms CreateObjectMapping: 0.160459 ms MarkObjects: 3.310334 ms  DeleteObjects: 0.800334 ms)

AssetImportParameters requested are different than current active one (requested -> active):
  custom:video-decoder-ogg-theora: a1e56fd34408186e4bbccfd4996cb3dc -> 
  custom:container-muxer-webm: aa71ff27fc2769a1b78a27578f13a17b -> 
  custom:container-demuxer-webm: 4f35f7cbe854078d1ac9338744f61a02 -> 
  custom:video-encoder-webm-vp8: eb34c28f22e8b96e1ab97ce403110664 -> 
  custom:framework-osx-AVFoundation: e770b220cccbd017edd2c1fefb359320 -> 
  custom:audio-encoder-webm-vorbis: bf7c407c2cedff20999df2af8eb42d56 -> 
  custom:container-demuxer-ogg: 62fdf1f143b41e24485cea50d1cbac27 -> 
  custom:video-decoder-webm-vp8: 9c59270c3fd7afecdb556c50c9e8de78 -> 
  custom:audio-decoder-ogg-vorbis: bf7c407c2cedff20999df2af8eb42d56 -> 
========================================================================
Received Import Request.
  Time since last request: 24826.036443 seconds.
  path: Assets/Prefabs/Skills/SKILL.prefab
  artifactKey: Guid(c0b4e6e10336bb24d84862ce76e79a74) Importer(815301076,1909f56bfc062723c751e8b465ee728b)
Start importing Assets/Prefabs/Skills/SKILL.prefab using Guid(c0b4e6e10336bb24d84862ce76e79a74) Importer(815301076,1909f56bfc062723c751e8b465ee728b) 'Talent' is missing the class attribute 'ExtensionOfNativeClass'!
 #0 GetStacktrace(int)
 #1 DebugStringToFile(DebugStringToFileData const&)
 #2 AssertImplementation(int, char const*, int, int, char const*)
 #3 SerializableManagedRef::AssertKlassMeetsRequirements()
 #4 ManagedMonoBehaviourRef::SetScriptCache(MonoScriptCache const*)
 #5 SerializableManagedRef::SetupScriptingCache(Object*, ScriptingClassPtr, MonoScript*)
 #6 SerializableManagedRef::RebuildMonoInstance(Object*, ScriptingClassPtr, ScriptingObjectPtr, MonoScript*)
 #7 PersistentManager::ProduceObject(SerializedFile&, SerializedObjectIdentifier, int, ObjectCreationMode, PersistentManager::LockFlags)
 #8 PersistentManager::CreateThreadActivationQueueEntry(SerializedFile&, SerializedObjectIdentifier, int, bool, PersistentManager::LockFlags)
 #9 PersistentManager::PreallocateObjectThreaded(int, PersistentManager::LockFlags)
 #10 void ImmediatePtr<Unity::Component>::Transfer<StreamedBinaryRead>(StreamedBinaryRead&)
 #11 void StreamedBinaryRead::TransferSTLStyleArray<dynamic_array<GameObject::ComponentPair, 0ul> >(dynamic_array<GameObject::ComponentPair, 0ul>&, TransferMetaFlags)
 #12 void GameObject::Transfer<StreamedBinaryRead>(StreamedBinaryRead&)
 #13 GameObject::VirtualRedirectTransfer(StreamedBinaryRead&)
 #14 SerializedFile::ReadObject(long long, ObjectCreationMode, bool, TypeTree const**, bool*, Object&)
 #15 PersistentManager::ReadAndActivateObjectThreaded(int, SerializedObjectIdentifier const&, SerializedFile*, bool, bool, PersistentManager::LockFlags)
 #16 PersistentManager::ReadObjectThreaded(int, PersistentManager::LockFlags)
 #17 PersistentManager::ReadObject(int, AwakeFromLoadMode)
 #18 PPtr<Object>::operator Object*() const
 #19 PreviewImporter::GenerateAssetData(AssetImportContext&)
 #20 ImportToObjects(core::basic_string<char, core::StringStorageDefault<char> > const&, core::hash_map<AssetDatabase::ImporterID, ImporterInfo, core::hash<AssetDatabase::ImporterID>, std::__1::equal_to<AssetDatabase::ImporterID> > const&, dynamic_array<PostprocessorInfo, 0ul> const&, AssetResolveTracker const&, ImportAssetInputs const&, ImportAssetOutputs&, IImportProgress*)
 #21 ImportAsset(core::hash_map<AssetDatabase::ImporterID, ImporterInfo, core::hash<AssetDatabase::ImporterID>, std::__1::equal_to<AssetDatabase::ImporterID> > const&, dynamic_array<PostprocessorInfo, 0ul> const&, AssetResolveTracker const&, ImportAssetInputs const&, ImportAssetOutputs&, IImportProgress*)
 #22 ImportAssetWithAutoReleasePool(core::hash_map<AssetDatabase::ImporterID, ImporterInfo, core::hash<AssetDatabase::ImporterID>, std::__1::equal_to<AssetDatabase::ImporterID> > const&, dynamic_array<PostprocessorInfo, 0ul> const&, AssetResolveTracker const&, ImportAssetInputs const&, ImportAssetOutputs&, IImportProgress*)
 #23 AssetImportWorker::Import(AssetResolver&, WorkerImportPayload const&, WorkerImportResponse&, IImportProgress*, bool*)
 #24 invocation function for block in AssetImportWorkerClient::HandleMessage(ImportRequestMessage const&)::$_5::operator()() const
 #25 _dispatch_client_callout
 #26 _dispatch_async_and_wait_invoke
 #27 _dispatch_client_callout
 #28 _dispatch_main_queue_drain
 #29 _dispatch_main_queue_callback_4CF
 #30 __CFRUNLOOP_IS_SERVICING_THE_MAIN_DISPATCH_QUEUE__
 #31 __CFRunLoopRun
 #32 CFRunLoopRunSpecific
 #33 RunCurrentEventLoopInMode
 #34 ReceiveNextEventCommon
 #35 _BlockUntilNextEventMatchingListInModeWithFilter
 #36 _DPSNextEvent
 #37 -[NSApplication(NSEvent) _nextEventMatchingEventMask:untilDate:inMode:dequeue:]
 #38 -[NSApplication run]
 #39 NSApplicationMain
 #40 EditorMain(int, char const**)
 #41 main
 #42 ???

GameObject (named 'SKILL') references runtime script in scene file. Fixing!
 #0 GetStacktrace(int)
 #1 DebugStringToFile(DebugStringToFileData const&)
 #2 MonoBehaviour::CheckConsistencyRepairInvalidScriptInScene()
 #3 MonoBehaviour::CheckConsistency()
 #4 AwakeFromLoadQueue::InvokePersistentManagerAwake(AwakeFromLoadQueue::Item*, unsigned int, AwakeFromLoadMode, bool)
 #5 AwakeFromLoadQueue::PersistentManagerAwakeFromLoad(int, AwakeFromLoadMode, bool)
 #6 PersistentManager::IntegrateAllThreadedObjects()
 #7 PersistentManager::LoadAndIntegrateAllPreallocatedObjects(PersistentManager::LockFlags)
 #8 PersistentManager::ReadObject(int, AwakeFromLoadMode)
 #9 PPtr<Object>::operator Object*() const
 #10 PreviewImporter::GenerateAssetData(AssetImportContext&)
 #11 ImportToObjects(core::basic_string<char, core::StringStorageDefault<char> > const&, core::hash_map<AssetDatabase::ImporterID, ImporterInfo, core::hash<AssetDatabase::ImporterID>, std::__1::equal_to<AssetDatabase::ImporterID> > const&, dynamic_array<PostprocessorInfo, 0ul> const&, AssetResolveTracker const&, ImportAssetInputs const&, ImportAssetOutputs&, IImportProgress*)
 #12 ImportAsset(core::hash_map<AssetDatabase::ImporterID, ImporterInfo, core::hash<AssetDatabase::ImporterID>, std::__1::equal_to<AssetDatabase::ImporterID> > const&, dynamic_array<PostprocessorInfo, 0ul> const&, AssetResolveTracker const&, ImportAssetInputs const&, ImportAssetOutputs&, IImportProgress*)
 #13 ImportAssetWithAutoReleasePool(core::hash_map<AssetDatabase::ImporterID, ImporterInfo, core::hash<AssetDatabase::ImporterID>, std::__1::equal_to<AssetDatabase::ImporterID> > const&, dynamic_array<PostprocessorInfo, 0ul> const&, AssetResolveTracker const&, ImportAssetInputs const&, ImportAssetOutputs&, IImportProgress*)
 #14 AssetImportWorker::Import(AssetResolver&, WorkerImportPayload const&, WorkerImportResponse&, IImportProgress*, bool*)
 #15 invocation function for block in AssetImportWorkerClient::HandleMessage(ImportRequestMessage const&)::$_5::operator()() const
 #16 _dispatch_client_callout
 #17 _dispatch_async_and_wait_invoke
 #18 _dispatch_client_callout
 #19 _dispatch_main_queue_drain
 #20 _dispatch_main_queue_callback_4CF
 #21 __CFRUNLOOP_IS_SERVICING_THE_MAIN_DISPATCH_QUEUE__
 #22 __CFRunLoopRun
 #23 CFRunLoopRunSpecific
 #24 RunCurrentEventLoopInMode
 #25 ReceiveNextEventCommon
 #26 _BlockUntilNextEventMatchingListInModeWithFilter
 #27 _DPSNextEvent
 #28 -[NSApplication(NSEvent) _nextEventMatchingEventMask:untilDate:inMode:dequeue:]
 #29 -[NSApplication run]
 #30 NSApplicationMain
 #31 EditorMain(int, char const**)
 #32 main
 #33 ???

'Talent' is missing the class attribute 'ExtensionOfNativeClass'!
 #0 GetStacktrace(int)
 #1 DebugStringToFile(DebugStringToFileData const&)
 #2 AssertImplementation(int, char const*, int, int, char const*)
 #3 SerializableManagedRef::AssertKlassMeetsRequirements()
 #4 ManagedMonoBehaviourRef::SetScriptCache(MonoScriptCache const*)
 #5 SerializableManagedRef::SetupScriptingCache(Object*, ScriptingClassPtr, MonoScript*)
 #6 SerializableManagedRef::RebuildMonoInstance(Object*, ScriptingClassPtr, ScriptingObjectPtr, MonoScript*)
 #7 MonoBehaviour::CheckConsistencyRepairInvalidScriptInScene()
 #8 MonoBehaviour::CheckConsistency()
 #9 AwakeFromLoadQueue::InvokePersistentManagerAwake(AwakeFromLoadQueue::Item*, unsigned int, AwakeFromLoadMode, bool)
 #10 AwakeFromLoadQueue::PersistentManagerAwakeFromLoad(int, AwakeFromLoadMode, bool)
 #11 PersistentManager::IntegrateAllThreadedObjects()
 #12 PersistentManager::LoadAndIntegrateAllPreallocatedObjects(PersistentManager::LockFlags)
 #13 PersistentManager::ReadObject(int, AwakeFromLoadMode)
 #14 PPtr<Object>::operator Object*() const
 #15 PreviewImporter::GenerateAssetData(AssetImportContext&)
 #16 ImportToObjects(core::basic_string<char, core::StringStorageDefault<char> > const&, core::hash_map<AssetDatabase::ImporterID, ImporterInfo, core::hash<AssetDatabase::ImporterID>, std::__1::equal_to<AssetDatabase::ImporterID> > const&, dynamic_array<PostprocessorInfo, 0ul> const&, AssetResolveTracker const&, ImportAssetInputs const&, ImportAssetOutputs&, IImportProgress*)
 #17 ImportAsset(core::hash_map<AssetDatabase::ImporterID, ImporterInfo, core::hash<AssetDatabase::ImporterID>, std::__1::equal_to<AssetDatabase::ImporterID> > const&, dynamic_array<PostprocessorInfo, 0ul> const&, AssetResolveTracker const&, ImportAssetInputs const&, ImportAssetOutputs&, IImportProgress*)
 #18 ImportAssetWithAutoReleasePool(core::hash_map<AssetDatabase::ImporterID, ImporterInfo, core::hash<AssetDatabase::ImporterID>, std::__1::equal_to<AssetDatabase::ImporterID> > const&, dynamic_array<PostprocessorInfo, 0ul> const&, AssetResolveTracker const&, ImportAssetInputs const&, ImportAssetOutputs&, IImportProgress*)
 #19 AssetImportWorker::Import(AssetResolver&, WorkerImportPayload const&, WorkerImportResponse&, IImportProgress*, bool*)
 #20 invocation function for block in AssetImportWorkerClient::HandleMessage(ImportRequestMessage const&)::$_5::operator()() const
 #21 _dispatch_client_callout
 #22 _dispatch_async_and_wait_invoke
 #23 _dispatch_client_callout
 #24 _dispatch_main_queue_drain
 #25 _dispatch_main_queue_callback_4CF
 #26 __CFRUNLOOP_IS_SERVICING_THE_MAIN_DISPATCH_QUEUE__
 #27 __CFRunLoopRun
 #28 CFRunLoopRunSpecific
 #29 RunCurrentEventLoopInMode
 #30 ReceiveNextEventCommon
 #31 _BlockUntilNextEventMatchingListInModeWithFilter
 #32 _DPSNextEvent
 #33 -[NSApplication(NSEvent) _nextEventMatchingEventMask:untilDate:inMode:dequeue:]
 #34 -[NSApplication run]
 #35 NSApplicationMain
 #36 EditorMain(int, char const**)
 #37 main
 #38 ???

 -> (artifact id: '06b5a35a93395a13c2b434dbf3957406') in 0.211637 seconds 
========================================================================
Received Import Request.
  Time since last request: 51.930481 seconds.
  path: Assets/Prefabs/Skills/SKILL.prefab
  artifactKey: Guid(c0b4e6e10336bb24d84862ce76e79a74) Importer(815301076,1909f56bfc062723c751e8b465ee728b)
Start importing Assets/Prefabs/Skills/SKILL.prefab using Guid(c0b4e6e10336bb24d84862ce76e79a74) Importer(815301076,1909f56bfc062723c751e8b465ee728b)  -> (artifact id: '3b3d19af136d902fbf9f6d9dc1c94bc4') in 0.007350 seconds 
========================================================================
Received Import Request.
  Time since last request: 28.591599 seconds.
  path: Assets/Prefabs/Skills/TALENT.prefab
  artifactKey: Guid(c0b4e6e10336bb24d84862ce76e79a74) Importer(815301076,1909f56bfc062723c751e8b465ee728b)
Start importing Assets/Prefabs/Skills/TALENT.prefab using Guid(c0b4e6e10336bb24d84862ce76e79a74) Importer(815301076,1909f56bfc062723c751e8b465ee728b)  -> (artifact id: '1ddb780fba460220080791741458979e') in 0.004361 seconds 
========================================================================
Received Import Request.
  Time since last request: 241.185548 seconds.
  path: Assets/Prefabs/Skills/TALENT.prefab
  artifactKey: Guid(c0b4e6e10336bb24d84862ce76e79a74) Importer(815301076,1909f56bfc062723c751e8b465ee728b)
Start importing Assets/Prefabs/Skills/TALENT.prefab using Guid(c0b4e6e10336bb24d84862ce76e79a74) Importer(815301076,1909f56bfc062723c751e8b465ee728b)  -> (artifact id: '6eff35a6e19049add3a0f227d077ad5b') in 0.004657 seconds 
========================================================================
Received Import Request.
  Time since last request: 31.170912 seconds.
  path: Assets/Scripts/ScriptableObjects/Object/TalentObject.cs
  artifactKey: Guid(9105b0d334d074051a60e1b43e860765) Importer(815301076,1909f56bfc062723c751e8b465ee728b)
Start importing Assets/Scripts/ScriptableObjects/Object/TalentObject.cs using Guid(9105b0d334d074051a60e1b43e860765) Importer(815301076,1909f56bfc062723c751e8b465ee728b)  -> (artifact id: '6b112d6bcb3e25f353c44bec7753c7de') in 0.078619 seconds 
========================================================================
Received Prepare
Registering precompiled user dll's ...
Registered in 0.002846 seconds.
Begin MonoManager ReloadAssembly
Symbol file LoadedFromMemory doesn't match image /Users/namesrkewl/Documents/GitHub/Tic-Tac-Boom/Tic Tac Boom/Library/PackageCache/com.unity.visualscripting@1.7.8/Editor/VisualScripting.Core/Dependencies/YamlDotNet/Unity.VisualScripting.YamlDotNet.dll
Symbol file LoadedFromMemory doesn't match image /Users/namesrkewl/Documents/GitHub/Tic-Tac-Boom/Tic Tac Boom/Library/PackageCache/com.unity.visualscripting@1.7.8/Editor/VisualScripting.Core/Dependencies/DotNetZip/Unity.VisualScripting.IonicZip.dll
Native extension for OSXStandalone target not found
Refreshing native plugins compatible for Editor in 1.25 ms, found 3 plugins.
Preloading 0 native plugins for Editor in 0.00 ms.
Mono: successfully reloaded assembly
- Completed reload, in  2.876 seconds
Domain Reload Profiling:
	ReloadAssembly (2878ms)
		BeginReloadAssembly (273ms)
			ExecutionOrderSort (0ms)
			DisableScriptedObjects (46ms)
			BackupInstance (0ms)
			ReleaseScriptingObjects (0ms)
			CreateAndSetChildDomain (72ms)
		EndReloadAssembly (2350ms)
			LoadAssemblies (155ms)
			RebuildTransferFunctionScriptingTraits (0ms)
			SetupTypeCache (355ms)
			ReleaseScriptCaches (5ms)
			RebuildScriptCaches (59ms)
			SetupLoadedEditorAssemblies (1553ms)
				LogAssemblyErrors (0ms)
				InitializePlatformSupportModulesInManaged (32ms)
				SetLoadedEditorAssemblies (2ms)
				RefreshPlugins (1ms)
				BeforeProcessingInitializeOnLoad (150ms)
				ProcessInitializeOnLoadAttributes (1040ms)
				ProcessInitializeOnLoadMethodAttributes (327ms)
				AfterProcessingInitializeOnLoad (1ms)
				EditorAssembliesLoaded (0ms)
			ExecutionOrderSort2 (0ms)
			AwakeInstancesAfterBackupRestoration (21ms)
Platform modules already initialized, skipping
Refreshing native plugins compatible for Editor in 2.72 ms, found 3 plugins.
Preloading 0 native plugins for Editor in 0.00 ms.
Unloading 5823 Unused Serialized files (Serialized files now loaded: 0)
Unloading 59 unused Assets / (1.8 MB). Loaded Objects now: 6421.
Memory consumption went from 375.9 MB to 374.0 MB.
Total: 4.091542 ms (FindLiveObjects: 0.350000 ms CreateObjectMapping: 0.175916 ms MarkObjects: 3.099167 ms  DeleteObjects: 0.465375 ms)

AssetImportParameters requested are different than current active one (requested -> active):
  custom:video-decoder-ogg-theora: a1e56fd34408186e4bbccfd4996cb3dc -> 
  custom:container-muxer-webm: aa71ff27fc2769a1b78a27578f13a17b -> 
  custom:container-demuxer-webm: 4f35f7cbe854078d1ac9338744f61a02 -> 
  custom:video-encoder-webm-vp8: eb34c28f22e8b96e1ab97ce403110664 -> 
  custom:framework-osx-AVFoundation: e770b220cccbd017edd2c1fefb359320 -> 
  custom:audio-encoder-webm-vorbis: bf7c407c2cedff20999df2af8eb42d56 -> 
  custom:container-demuxer-ogg: 62fdf1f143b41e24485cea50d1cbac27 -> 
  custom:video-decoder-webm-vp8: 9c59270c3fd7afecdb556c50c9e8de78 -> 
  custom:audio-decoder-ogg-vorbis: bf7c407c2cedff20999df2af8eb42d56 -> 
========================================================================
Received Import Request.
  Time since last request: 20.389543 seconds.
  path: Assets/Scripts/ScriptableObjects/Accessor/SetTalentObject.cs
  artifactKey: Guid(b09029afcdb784efcb6de7afc6512dc0) Importer(815301076,1909f56bfc062723c751e8b465ee728b)
Start importing Assets/Scripts/ScriptableObjects/Accessor/SetTalentObject.cs using Guid(b09029afcdb784efcb6de7afc6512dc0) Importer(815301076,1909f56bfc062723c751e8b465ee728b)  -> (artifact id: '25bbf3ac03de0e3dacb6f45c7ff3fe0d') in 0.013715 seconds 
========================================================================
Received Prepare
Registering precompiled user dll's ...
Registered in 0.002867 seconds.
Begin MonoManager ReloadAssembly
Symbol file LoadedFromMemory doesn't match image /Users/namesrkewl/Documents/GitHub/Tic-Tac-Boom/Tic Tac Boom/Library/PackageCache/com.unity.visualscripting@1.7.8/Editor/VisualScripting.Core/Dependencies/YamlDotNet/Unity.VisualScripting.YamlDotNet.dll
Symbol file LoadedFromMemory doesn't match image /Users/namesrkewl/Documents/GitHub/Tic-Tac-Boom/Tic Tac Boom/Library/PackageCache/com.unity.visualscripting@1.7.8/Editor/VisualScripting.Core/Dependencies/DotNetZip/Unity.VisualScripting.IonicZip.dll
Native extension for OSXStandalone target not found
Refreshing native plugins compatible for Editor in 1.18 ms, found 3 plugins.
Preloading 0 native plugins for Editor in 0.00 ms.
Mono: successfully reloaded assembly
- Completed reload, in  2.806 seconds
Domain Reload Profiling:
	ReloadAssembly (2809ms)
		BeginReloadAssembly (251ms)
			ExecutionOrderSort (0ms)
			DisableScriptedObjects (45ms)
			BackupInstance (0ms)
			ReleaseScriptingObjects (0ms)
			CreateAndSetChildDomain (71ms)
		EndReloadAssembly (2324ms)
			LoadAssemblies (113ms)
			RebuildTransferFunctionScriptingTraits (0ms)
			SetupTypeCache (339ms)
			ReleaseScriptCaches (2ms)
			RebuildScriptCaches (58ms)
			SetupLoadedEditorAssemblies (1569ms)
				LogAssemblyErrors (0ms)
				InitializePlatformSupportModulesInManaged (36ms)
				SetLoadedEditorAssemblies (2ms)
				RefreshPlugins (1ms)
				BeforeProcessingInitializeOnLoad (153ms)
				ProcessInitializeOnLoadAttributes (1014ms)
				ProcessInitializeOnLoadMethodAttributes (361ms)
				AfterProcessingInitializeOnLoad (1ms)
				EditorAssembliesLoaded (0ms)
			ExecutionOrderSort2 (0ms)
			AwakeInstancesAfterBackupRestoration (22ms)
Platform modules already initialized, skipping
Refreshing native plugins compatible for Editor in 2.66 ms, found 3 plugins.
Preloading 0 native plugins for Editor in 0.00 ms.
Unloading 5824 Unused Serialized files (Serialized files now loaded: 0)
Unloading 59 unused Assets / (1.8 MB). Loaded Objects now: 6425.
Memory consumption went from 376.0 MB to 374.1 MB.
Total: 3.828291 ms (FindLiveObjects: 0.314250 ms CreateObjectMapping: 0.162666 ms MarkObjects: 2.907042 ms  DeleteObjects: 0.443291 ms)

AssetImportParameters requested are different than current active one (requested -> active):
  custom:video-decoder-ogg-theora: a1e56fd34408186e4bbccfd4996cb3dc -> 
  custom:container-muxer-webm: aa71ff27fc2769a1b78a27578f13a17b -> 
  custom:container-demuxer-webm: 4f35f7cbe854078d1ac9338744f61a02 -> 
  custom:video-encoder-webm-vp8: eb34c28f22e8b96e1ab97ce403110664 -> 
  custom:framework-osx-AVFoundation: e770b220cccbd017edd2c1fefb359320 -> 
  custom:audio-encoder-webm-vorbis: bf7c407c2cedff20999df2af8eb42d56 -> 
  custom:container-demuxer-ogg: 62fdf1f143b41e24485cea50d1cbac27 -> 
  custom:video-decoder-webm-vp8: 9c59270c3fd7afecdb556c50c9e8de78 -> 
  custom:audio-decoder-ogg-vorbis: bf7c407c2cedff20999df2af8eb42d56 -> 
========================================================================
Received Prepare
Registering precompiled user dll's ...
Registered in 0.003250 seconds.
Begin MonoManager ReloadAssembly
Symbol file LoadedFromMemory doesn't match image /Users/namesrkewl/Documents/GitHub/Tic-Tac-Boom/Tic Tac Boom/Library/PackageCache/com.unity.visualscripting@1.7.8/Editor/VisualScripting.Core/Dependencies/YamlDotNet/Unity.VisualScripting.YamlDotNet.dll
Symbol file LoadedFromMemory doesn't match image /Users/namesrkewl/Documents/GitHub/Tic-Tac-Boom/Tic Tac Boom/Library/PackageCache/com.unity.visualscripting@1.7.8/Editor/VisualScripting.Core/Dependencies/DotNetZip/Unity.VisualScripting.IonicZip.dll
Native extension for OSXStandalone target not found
Refreshing native plugins compatible for Editor in 1.13 ms, found 3 plugins.
Preloading 0 native plugins for Editor in 0.00 ms.
Mono: successfully reloaded assembly
- Completed reload, in  2.846 seconds
Domain Reload Profiling:
	ReloadAssembly (2848ms)
		BeginReloadAssembly (259ms)
			ExecutionOrderSort (0ms)
			DisableScriptedObjects (46ms)
			BackupInstance (0ms)
			ReleaseScriptingObjects (0ms)
			CreateAndSetChildDomain (65ms)
		EndReloadAssembly (2360ms)
			LoadAssemblies (140ms)
			RebuildTransferFunctionScriptingTraits (0ms)
			SetupTypeCache (339ms)
			ReleaseScriptCaches (2ms)
			RebuildScriptCaches (57ms)
			SetupLoadedEditorAssemblies (1580ms)
				LogAssemblyErrors (0ms)
				InitializePlatformSupportModulesInManaged (34ms)
				SetLoadedEditorAssemblies (2ms)
				RefreshPlugins (1ms)
				BeforeProcessingInitializeOnLoad (146ms)
				ProcessInitializeOnLoadAttributes (1014ms)
				ProcessInitializeOnLoadMethodAttributes (380ms)
				AfterProcessingInitializeOnLoad (1ms)
				EditorAssembliesLoaded (0ms)
			ExecutionOrderSort2 (0ms)
			AwakeInstancesAfterBackupRestoration (24ms)
Platform modules already initialized, skipping
Refreshing native plugins compatible for Editor in 3.55 ms, found 3 plugins.
Preloading 0 native plugins for Editor in 0.00 ms.
Unloading 5824 Unused Serialized files (Serialized files now loaded: 0)
Unloading 59 unused Assets / (1.8 MB). Loaded Objects now: 6428.
Memory consumption went from 376.0 MB to 374.2 MB.
Total: 4.270542 ms (FindLiveObjects: 0.372958 ms CreateObjectMapping: 0.159250 ms MarkObjects: 3.246208 ms  DeleteObjects: 0.490833 ms)

AssetImportParameters requested are different than current active one (requested -> active):
  custom:video-decoder-ogg-theora: a1e56fd34408186e4bbccfd4996cb3dc -> 
  custom:container-muxer-webm: aa71ff27fc2769a1b78a27578f13a17b -> 
  custom:container-demuxer-webm: 4f35f7cbe854078d1ac9338744f61a02 -> 
  custom:video-encoder-webm-vp8: eb34c28f22e8b96e1ab97ce403110664 -> 
  custom:framework-osx-AVFoundation: e770b220cccbd017edd2c1fefb359320 -> 
  custom:audio-encoder-webm-vorbis: bf7c407c2cedff20999df2af8eb42d56 -> 
  custom:container-demuxer-ogg: 62fdf1f143b41e24485cea50d1cbac27 -> 
  custom:video-decoder-webm-vp8: 9c59270c3fd7afecdb556c50c9e8de78 -> 
  custom:audio-decoder-ogg-vorbis: bf7c407c2cedff20999df2af8eb42d56 -> 
========================================================================
Received Import Request.
  Time since last request: 228.539104 seconds.
  path: Assets/Prefabs/TalentChoices/Skills/BUILD TILES.prefab
  artifactKey: Guid(278f2d3910a25f44a9b899c806ffda30) Importer(815301076,1909f56bfc062723c751e8b465ee728b)
Start importing Assets/Prefabs/TalentChoices/Skills/BUILD TILES.prefab using Guid(278f2d3910a25f44a9b899c806ffda30) Importer(815301076,1909f56bfc062723c751e8b465ee728b)  -> (artifact id: 'd8e9d8ab44c3b52e4e7d9e9087e5e537') in 0.136911 seconds 
========================================================================
Received Import Request.
  Time since last request: 0.000078 seconds.
  path: Assets/Prefabs/TalentChoices/Skills/DESTROY TILES.prefab
  artifactKey: Guid(4b2fb50383ffae74481bf9629bf3a9a8) Importer(815301076,1909f56bfc062723c751e8b465ee728b)
Start importing Assets/Prefabs/TalentChoices/Skills/DESTROY TILES.prefab using Guid(4b2fb50383ffae74481bf9629bf3a9a8) Importer(815301076,1909f56bfc062723c751e8b465ee728b)  -> (artifact id: '1d34892c4293e6d46da7b320f6c64deb') in 0.013775 seconds 
========================================================================
Received Import Request.
  Time since last request: 2.330665 seconds.
  path: Assets/Prefabs/TalentChoices/Skills/X-BOMB.prefab
  artifactKey: Guid(510e9e7f787d21747833473ae5bc9b46) Importer(815301076,1909f56bfc062723c751e8b465ee728b)
Start importing Assets/Prefabs/TalentChoices/Skills/X-BOMB.prefab using Guid(510e9e7f787d21747833473ae5bc9b46) Importer(815301076,1909f56bfc062723c751e8b465ee728b)  -> (artifact id: '108c485bb2793eb771ccaebe722f23e2') in 0.009073 seconds 
========================================================================
Received Import Request.
  Time since last request: 35.907900 seconds.
  path: Assets/Prefabs/TalentChoices/Skills/SMALL BOMB.prefab
  artifactKey: Guid(ce2ccee541695b24396c887e4eb35b2c) Importer(815301076,1909f56bfc062723c751e8b465ee728b)
Start importing Assets/Prefabs/TalentChoices/Skills/SMALL BOMB.prefab using Guid(ce2ccee541695b24396c887e4eb35b2c) Importer(815301076,1909f56bfc062723c751e8b465ee728b)  -> (artifact id: '78311a3d3f7424b45570fed59a90c06a') in 0.034182 seconds 
========================================================================
Received Import Request.
  Time since last request: 21.750156 seconds.
  path: Assets/Prefabs/TalentChoices/Skills/SMALL BOMB.prefab
  artifactKey: Guid(ce2ccee541695b24396c887e4eb35b2c) Importer(815301076,1909f56bfc062723c751e8b465ee728b)
Start importing Assets/Prefabs/TalentChoices/Skills/SMALL BOMB.prefab using Guid(ce2ccee541695b24396c887e4eb35b2c) Importer(815301076,1909f56bfc062723c751e8b465ee728b)  -> (artifact id: 'ed61d4a9585235f5a777fe372e5cf2cf') in 0.005261 seconds 
========================================================================
Received Import Request.
  Time since last request: 16.247878 seconds.
  path: Assets/Prefabs/TalentChoices/Skills/TALENT.prefab
  artifactKey: Guid(ce2ccee541695b24396c887e4eb35b2c) Importer(815301076,1909f56bfc062723c751e8b465ee728b)
Start importing Assets/Prefabs/TalentChoices/Skills/TALENT.prefab using Guid(ce2ccee541695b24396c887e4eb35b2c) Importer(815301076,1909f56bfc062723c751e8b465ee728b)  -> (artifact id: 'e89ba1173acca3b2d8bea32995471665') in 0.004675 seconds 
========================================================================
Received Import Request.
  Time since last request: 4.434895 seconds.
  path: Assets/Resources/Artwork/skin_profile_icon.png
  artifactKey: Guid(d00c33e61cd192b41b755b258577ab93) Importer(815301076,1909f56bfc062723c751e8b465ee728b)
Start importing Assets/Resources/Artwork/skin_profile_icon.png using Guid(d00c33e61cd192b41b755b258577ab93) Importer(815301076,1909f56bfc062723c751e8b465ee728b)  -> (artifact id: '8daf2da6884e1f7f52b49ab9ef1254bd') in 0.232147 seconds 
========================================================================
Received Import Request.
  Time since last request: 0.000074 seconds.
  path: Assets/Resources/UI/Buttons/story_button.png
  artifactKey: Guid(2f94c9315d8f34b46a479b184851927c) Importer(815301076,1909f56bfc062723c751e8b465ee728b)
Start importing Assets/Resources/UI/Buttons/story_button.png using Guid(2f94c9315d8f34b46a479b184851927c) Importer(815301076,1909f56bfc062723c751e8b465ee728b)  -> (artifact id: 'b1c10c4f48ae5840d134080f81d3b328') in 0.033605 seconds 
========================================================================
Received Import Request.
  Time since last request: 0.000070 seconds.
  path: Assets/Resources/Artwork/talent _menu_sword.png
  artifactKey: Guid(13122395fd2cfd845a83c1cb462bbca1) Importer(815301076,1909f56bfc062723c751e8b465ee728b)
Start importing Assets/Resources/Artwork/talent _menu_sword.png using Guid(13122395fd2cfd845a83c1cb462bbca1) Importer(815301076,1909f56bfc062723c751e8b465ee728b)  -> (artifact id: 'ccd7ff19b5455de3927dbc01456d64c1') in 0.019805 seconds 
========================================================================
Received Import Request.
  Time since last request: 3.350902 seconds.
  path: Assets/Resources/Artwork/skin_lock.png
  artifactKey: Guid(b333e77c4f354e145b4a0c308df502a1) Importer(815301076,1909f56bfc062723c751e8b465ee728b)
Start importing Assets/Resources/Artwork/skin_lock.png using Guid(b333e77c4f354e145b4a0c308df502a1) Importer(815301076,1909f56bfc062723c751e8b465ee728b)  -> (artifact id: '36e553c1e76c1260dc99952aba31306c') in 0.018160 seconds 
========================================================================
Received Import Request.
  Time since last request: 0.000072 seconds.
  path: Assets/Resources/UI/Windows/skills_menu_frame2.png
  artifactKey: Guid(0252c878212c54d4895335b4f2079d5d) Importer(815301076,1909f56bfc062723c751e8b465ee728b)
Start importing Assets/Resources/UI/Windows/skills_menu_frame2.png using Guid(0252c878212c54d4895335b4f2079d5d) Importer(815301076,1909f56bfc062723c751e8b465ee728b)  -> (artifact id: '638a350b8bf662714f5e1ca036714318') in 0.124734 seconds 
========================================================================
Received Import Request.
  Time since last request: 0.000082 seconds.
  path: Assets/Resources/UI/Windows/SHOP_WINDOW_BIG_PURPLE_BANNER.png
  artifactKey: Guid(2a10533abedf1a844a9e796dbff65fa7) Importer(815301076,1909f56bfc062723c751e8b465ee728b)
Start importing Assets/Resources/UI/Windows/SHOP_WINDOW_BIG_PURPLE_BANNER.png using Guid(2a10533abedf1a844a9e796dbff65fa7) Importer(815301076,1909f56bfc062723c751e8b465ee728b)  -> (artifact id: '128d2a8a85a10c29d8526313c4e1d647') in 0.043814 seconds 
========================================================================
Received Import Request.
  Time since last request: 0.000087 seconds.
  path: Assets/Resources/UI/Buttons/chest_button.png
  artifactKey: Guid(3f183f5609e8543448bb660886930931) Importer(815301076,1909f56bfc062723c751e8b465ee728b)
Start importing Assets/Resources/UI/Buttons/chest_button.png using Guid(3f183f5609e8543448bb660886930931) Importer(815301076,1909f56bfc062723c751e8b465ee728b)  -> (artifact id: 'bf6781e5ff2175b7677fa3adae530ef5') in 0.024016 seconds 
========================================================================
Received Import Request.
  Time since last request: 0.000062 seconds.
  path: Assets/Resources/Artwork/skin_nameplate_icon.png
  artifactKey: Guid(6d8fe2119ceaa8042a694ba51a22b498) Importer(815301076,1909f56bfc062723c751e8b465ee728b)
Start importing Assets/Resources/Artwork/skin_nameplate_icon.png using Guid(6d8fe2119ceaa8042a694ba51a22b498) Importer(815301076,1909f56bfc062723c751e8b465ee728b)  -> (artifact id: 'f4837c42308261da7f24428ede8a0834') in 0.013987 seconds 
========================================================================
Received Import Request.
  Time since last request: 0.000052 seconds.
  path: Assets/Resources/UI/Windows/shop_window_big_purple.png
  artifactKey: Guid(f098b548156b67447990f0aa467f7e58) Importer(815301076,1909f56bfc062723c751e8b465ee728b)
Start importing Assets/Resources/UI/Windows/shop_window_big_purple.png using Guid(f098b548156b67447990f0aa467f7e58) Importer(815301076,1909f56bfc062723c751e8b465ee728b)  -> (artifact id: 'ef9bc56f2e35fb17c2cf758865cab2aa') in 0.042998 seconds 
========================================================================
Received Import Request.
  Time since last request: 0.000074 seconds.
  path: Assets/Resources/UI/Windows/banner_bg.png
  artifactKey: Guid(771aa7f7d340aae47a1e3d47f17e03c4) Importer(815301076,1909f56bfc062723c751e8b465ee728b)
Start importing Assets/Resources/UI/Windows/banner_bg.png using Guid(771aa7f7d340aae47a1e3d47f17e03c4) Importer(815301076,1909f56bfc062723c751e8b465ee728b)  -> (artifact id: '95785c9ebde880d82f749d6aa3172cd3') in 0.033325 seconds 
========================================================================
Received Import Request.
  Time since last request: 0.000073 seconds.
  path: Assets/Resources/Artwork/shop_grid_icon.png
  artifactKey: Guid(3417b5c91fe979f47ae1102f3d6a5e8e) Importer(815301076,1909f56bfc062723c751e8b465ee728b)
Start importing Assets/Resources/Artwork/shop_grid_icon.png using Guid(3417b5c91fe979f47ae1102f3d6a5e8e) Importer(815301076,1909f56bfc062723c751e8b465ee728b)  -> (artifact id: 'f947420f56358ea350fa1f702524af68') in 0.013158 seconds 
========================================================================
Received Import Request.
  Time since last request: 0.000046 seconds.
  path: Assets/Resources/UI/Windows/SHOP_WINDOW_SMALL_PURPLE_BANNER.png
  artifactKey: Guid(da5f6c368fed20a468a62c80771381e4) Importer(815301076,1909f56bfc062723c751e8b465ee728b)
Start importing Assets/Resources/UI/Windows/SHOP_WINDOW_SMALL_PURPLE_BANNER.png using Guid(da5f6c368fed20a468a62c80771381e4) Importer(815301076,1909f56bfc062723c751e8b465ee728b)  -> (artifact id: '9340a4194eea2036559fb65151dc06ad') in 0.026034 seconds 
========================================================================
Received Import Request.
  Time since last request: 0.000055 seconds.
  path: Assets/Resources/UI/Windows/SHOP_WINDOW_BIG_GREEN_BANNER.png
  artifactKey: Guid(c8a7c7f126ccbc14a963a21e3d21b448) Importer(815301076,1909f56bfc062723c751e8b465ee728b)
Start importing Assets/Resources/UI/Windows/SHOP_WINDOW_BIG_GREEN_BANNER.png using Guid(c8a7c7f126ccbc14a963a21e3d21b448) Importer(815301076,1909f56bfc062723c751e8b465ee728b)  -> (artifact id: '049dbc41088266f14e5dd60fda651391') in 0.042884 seconds 
========================================================================
Received Import Request.
  Time since last request: 0.000066 seconds.
  path: Assets/Resources/UI/Buttons/shop_bottom_tab.png
  artifactKey: Guid(f6c49fddc62a66c4c808a2b4520a96b6) Importer(815301076,1909f56bfc062723c751e8b465ee728b)
Start importing Assets/Resources/UI/Buttons/shop_bottom_tab.png using Guid(f6c49fddc62a66c4c808a2b4520a96b6) Importer(815301076,1909f56bfc062723c751e8b465ee728b)  -> (artifact id: 'ea0b7529ed69222f912535eee311b0a2') in 0.016236 seconds 
========================================================================
Received Import Request.
  Time since last request: 0.000057 seconds.
  path: Assets/Resources/UI/Buttons/cancel_button_gameview.png
  artifactKey: Guid(35e77302e0d128541a08bbd6a7d47ff7) Importer(815301076,1909f56bfc062723c751e8b465ee728b)
Start importing Assets/Resources/UI/Buttons/cancel_button_gameview.png using Guid(35e77302e0d128541a08bbd6a7d47ff7) Importer(815301076,1909f56bfc062723c751e8b465ee728b)  -> (artifact id: 'd79b85f825c6336a569508e5d14f3f94') in 0.019838 seconds 
========================================================================
Received Import Request.
  Time since last request: 0.000074 seconds.
  path: Assets/Resources/UI/Windows/skin_active_tab.png
  artifactKey: Guid(b3e9d37a68f04a848bf36493805b9031) Importer(815301076,1909f56bfc062723c751e8b465ee728b)
Start importing Assets/Resources/UI/Windows/skin_active_tab.png using Guid(b3e9d37a68f04a848bf36493805b9031) Importer(815301076,1909f56bfc062723c751e8b465ee728b)  -> (artifact id: '29492ece3dccd34b384e44da00d57bee') in 0.019143 seconds 
========================================================================
Received Import Request.
  Time since last request: 0.000074 seconds.
  path: Assets/Resources/UI/Windows/SHOP_WINDOW_SMALL_GREEN_BANNER.png
  artifactKey: Guid(3c53a7234a9f9494fad5cd9901900f39) Importer(815301076,1909f56bfc062723c751e8b465ee728b)
Start importing Assets/Resources/UI/Windows/SHOP_WINDOW_SMALL_GREEN_BANNER.png using Guid(3c53a7234a9f9494fad5cd9901900f39) Importer(815301076,1909f56bfc062723c751e8b465ee728b)  -> (artifact id: '2ca1dbeee8c7a37e7ff1aa955af167c7') in 0.024734 seconds 
========================================================================
Received Import Request.
  Time since last request: 0.000062 seconds.
  path: Assets/Resources/Artwork/shop_nail.png
  artifactKey: Guid(e19ce131b112e00408041530f69d0ebf) Importer(815301076,1909f56bfc062723c751e8b465ee728b)
Start importing Assets/Resources/Artwork/shop_nail.png using Guid(e19ce131b112e00408041530f69d0ebf) Importer(815301076,1909f56bfc062723c751e8b465ee728b)  -> (artifact id: 'c6e42627c0197bd0ef5ed03959e0b7b2') in 0.014009 seconds 
========================================================================
Received Import Request.
  Time since last request: 0.000074 seconds.
  path: Assets/Resources/Artwork/shop_out of stock.png
  artifactKey: Guid(8a3ec100e32986b4791679910ea9601a) Importer(815301076,1909f56bfc062723c751e8b465ee728b)
Start importing Assets/Resources/Artwork/shop_out of stock.png using Guid(8a3ec100e32986b4791679910ea9601a) Importer(815301076,1909f56bfc062723c751e8b465ee728b)  -> (artifact id: '9a25c43cd40c0fa6a33ad1f50b42ba92') in 0.059625 seconds 
========================================================================
Received Import Request.
  Time since last request: 0.000067 seconds.
  path: Assets/Resources/Tiles/Basic/middle-right.png
  artifactKey: Guid(873d2f1dea9f3824c9f90f72f8dbf39f) Importer(815301076,1909f56bfc062723c751e8b465ee728b)
Start importing Assets/Resources/Tiles/Basic/middle-right.png using Guid(873d2f1dea9f3824c9f90f72f8dbf39f) Importer(815301076,1909f56bfc062723c751e8b465ee728b)  -> (artifact id: '6845275a4a1f2bcdd5938b181312cb21') in 0.015087 seconds 
========================================================================
Received Import Request.
  Time since last request: 0.000050 seconds.
  path: Assets/Resources/Artwork/logo.png
  artifactKey: Guid(04a67e397bd333646adef24647afa831) Importer(815301076,1909f56bfc062723c751e8b465ee728b)
Start importing Assets/Resources/Artwork/logo.png using Guid(04a67e397bd333646adef24647afa831) Importer(815301076,1909f56bfc062723c751e8b465ee728b)  -> (artifact id: '9ad45e0f44516669d819c8f4d8122eab') in 0.289694 seconds 
========================================================================
Received Import Request.
  Time since last request: 0.000057 seconds.
  path: Assets/Resources/Artwork/shop_sign_new.png
  artifactKey: Guid(5a8fc28e9ca6cd84bb57b07d9fd283ea) Importer(815301076,1909f56bfc062723c751e8b465ee728b)
Start importing Assets/Resources/Artwork/shop_sign_new.png using Guid(5a8fc28e9ca6cd84bb57b07d9fd283ea) Importer(815301076,1909f56bfc062723c751e8b465ee728b)  -> (artifact id: '0b43287fa3709c5c514d58687e462544') in 0.060385 seconds 
========================================================================
Received Import Request.
  Time since last request: 0.029103 seconds.
  path: Assets/Prefabs/TalentChoices/Skills/TALENT.prefab
  artifactKey: Guid(ce2ccee541695b24396c887e4eb35b2c) Importer(815301076,1909f56bfc062723c751e8b465ee728b)
Start importing Assets/Prefabs/TalentChoices/Skills/TALENT.prefab using Guid(ce2ccee541695b24396c887e4eb35b2c) Importer(815301076,1909f56bfc062723c751e8b465ee728b)  -> (artifact id: '376ce0f108db699816ecc6286f98c4e3') in 0.004525 seconds 
Editor requested this worker to shutdown with reason: Scaling down because of idle timeout
AssetImportWorker is now disconnected from the server
Process exiting
